{"/Users/namanrai/projects/elections/ElectionIQ/js/intent.js": {"path":"/Users/namanrai/projects/elections/ElectionIQ/js/intent.js","statementMap":{"0":{"start":{"line":33,"column":17},"end":{"line":41,"column":1}},"1":{"start":{"line":58,"column":2},"end":{"line":58,"column":68}},"2":{"start":{"line":58,"column":51},"end":{"line":58,"column":68}},"3":{"start":{"line":59,"column":2},"end":{"line":61,"column":3}},"4":{"start":{"line":60,"column":4},"end":{"line":60,"column":41}},"5":{"start":{"line":60,"column":27},"end":{"line":60,"column":41}},"6":{"start":{"line":62,"column":2},"end":{"line":62,"column":19}},"7":{"start":{"line":77,"column":2},"end":{"line":77,"column":41}},"8":{"start":{"line":77,"column":31},"end":{"line":77,"column":41}},"9":{"start":{"line":78,"column":2},"end":{"line":80,"column":31}},"10":{"start":{"line":79,"column":29},"end":{"line":79,"column":46}},"11":{"start":{"line":80,"column":23},"end":{"line":80,"column":29}}},"fnMap":{"0":{"name":"classifyIntent","decl":{"start":{"line":57,"column":16},"end":{"line":57,"column":30}},"loc":{"start":{"line":57,"column":36},"end":{"line":63,"column":1}},"line":57},"1":{"name":"classifyIntentAll","decl":{"start":{"line":76,"column":16},"end":{"line":76,"column":33}},"loc":{"start":{"line":76,"column":39},"end":{"line":81,"column":1}},"line":76},"2":{"name":"(anonymous_2)","decl":{"start":{"line":79,"column":12},"end":{"line":79,"column":13}},"loc":{"start":{"line":79,"column":29},"end":{"line":79,"column":46}},"line":79},"3":{"name":"(anonymous_3)","decl":{"start":{"line":80,"column":9},"end":{"line":80,"column":10}},"loc":{"start":{"line":80,"column":23},"end":{"line":80,"column":29}},"line":80}},"branchMap":{"0":{"loc":{"start":{"line":58,"column":2},"end":{"line":58,"column":68}},"type":"if","locations":[{"start":{"line":58,"column":2},"end":{"line":58,"column":68}},{"start":{},"end":{}}],"line":58},"1":{"loc":{"start":{"line":58,"column":6},"end":{"line":58,"column":49}},"type":"binary-expr","locations":[{"start":{"line":58,"column":6},"end":{"line":58,"column":29}},{"start":{"line":58,"column":33},"end":{"line":58,"column":49}}],"line":58},"2":{"loc":{"start":{"line":60,"column":4},"end":{"line":60,"column":41}},"type":"if","locations":[{"start":{"line":60,"column":4},"end":{"line":60,"column":41}},{"start":{},"end":{}}],"line":60},"3":{"loc":{"start":{"line":77,"column":2},"end":{"line":77,"column":41}},"type":"if","locations":[{"start":{"line":77,"column":2},"end":{"line":77,"column":41}},{"start":{},"end":{}}],"line":77}},"s":{"0":1,"1":35,"2":4,"3":31,"4":130,"5":29,"6":2,"7":4,"8":1,"9":3,"10":21,"11":3},"f":{"0":35,"1":4,"2":21,"3":3},"b":{"0":[4,31],"1":[35,32],"2":[29,101],"3":[1,3]},"inputSourceMap":null,"_coverageSchema":"1a1c01bbd47fc00a2c39e90264f33305004495a9","hash":"de8a877057dd06df440c6120e2f517a2fcb9514f"}
,"/Users/namanrai/projects/elections/ElectionIQ/js/logger.js": {"path":"/Users/namanrai/projects/elections/ElectionIQ/js/logger.js","statementMap":{"0":{"start":{"line":24,"column":15},"end":{"line":30,"column":1}},"1":{"start":{"line":33,"column":20},"end":{"line":33,"column":31}},"2":{"start":{"line":36,"column":0},"end":{"line":43,"column":1}},"3":{"start":{"line":37,"column":2},"end":{"line":40,"column":3}},"4":{"start":{"line":38,"column":21},"end":{"line":38,"column":75}},"5":{"start":{"line":39,"column":4},"end":{"line":39,"column":73}},"6":{"start":{"line":39,"column":40},"end":{"line":39,"column":73}},"7":{"start":{"line":58,"column":2},"end":{"line":58,"column":52}},"8":{"start":{"line":69,"column":22},"end":{"line":127,"column":1}},"9":{"start":{"line":77,"column":4},"end":{"line":79,"column":5}},"10":{"start":{"line":78,"column":6},"end":{"line":78,"column":58}},"11":{"start":{"line":89,"column":4},"end":{"line":91,"column":5}},"12":{"start":{"line":90,"column":6},"end":{"line":90,"column":57}},"13":{"start":{"line":102,"column":4},"end":{"line":104,"column":5}},"14":{"start":{"line":103,"column":6},"end":{"line":103,"column":57}},"15":{"start":{"line":114,"column":4},"end":{"line":116,"column":5}},"16":{"start":{"line":115,"column":6},"end":{"line":115,"column":58}},"17":{"start":{"line":125,"column":4},"end":{"line":125,"column":67}},"18":{"start":{"line":125,"column":37},"end":{"line":125,"column":67}}},"fnMap":{"0":{"name":"_formatMessage","decl":{"start":{"line":57,"column":9},"end":{"line":57,"column":23}},"loc":{"start":{"line":57,"column":37},"end":{"line":59,"column":1}},"line":57},"1":{"name":"(anonymous_1)","decl":{"start":{"line":76,"column":9},"end":{"line":76,"column":10}},"loc":{"start":{"line":76,"column":35},"end":{"line":80,"column":3}},"line":76},"2":{"name":"(anonymous_2)","decl":{"start":{"line":88,"column":8},"end":{"line":88,"column":9}},"loc":{"start":{"line":88,"column":34},"end":{"line":92,"column":3}},"line":88},"3":{"name":"(anonymous_3)","decl":{"start":{"line":101,"column":8},"end":{"line":101,"column":9}},"loc":{"start":{"line":101,"column":34},"end":{"line":105,"column":3}},"line":101},"4":{"name":"(anonymous_4)","decl":{"start":{"line":113,"column":9},"end":{"line":113,"column":10}},"loc":{"start":{"line":113,"column":35},"end":{"line":117,"column":3}},"line":113},"5":{"name":"(anonymous_5)","decl":{"start":{"line":124,"column":12},"end":{"line":124,"column":13}},"loc":{"start":{"line":124,"column":23},"end":{"line":126,"column":3}},"line":124}},"branchMap":{"0":{"loc":{"start":{"line":37,"column":2},"end":{"line":40,"column":3}},"type":"if","locations":[{"start":{"line":37,"column":2},"end":{"line":40,"column":3}},{"start":{},"end":{}}],"line":37},"1":{"loc":{"start":{"line":37,"column":6},"end":{"line":37,"column":80}},"type":"binary-expr","locations":[{"start":{"line":37,"column":6},"end":{"line":37,"column":35}},{"start":{"line":37,"column":39},"end":{"line":37,"column":80}}],"line":37},"2":{"loc":{"start":{"line":39,"column":4},"end":{"line":39,"column":73}},"type":"if","locations":[{"start":{"line":39,"column":4},"end":{"line":39,"column":73}},{"start":{},"end":{}}],"line":39},"3":{"loc":{"start":{"line":77,"column":4},"end":{"line":79,"column":5}},"type":"if","locations":[{"start":{"line":77,"column":4},"end":{"line":79,"column":5}},{"start":{},"end":{}}],"line":77},"4":{"loc":{"start":{"line":89,"column":4},"end":{"line":91,"column":5}},"type":"if","locations":[{"start":{"line":89,"column":4},"end":{"line":91,"column":5}},{"start":{},"end":{}}],"line":89},"5":{"loc":{"start":{"line":102,"column":4},"end":{"line":104,"column":5}},"type":"if","locations":[{"start":{"line":102,"column":4},"end":{"line":104,"column":5}},{"start":{},"end":{}}],"line":102},"6":{"loc":{"start":{"line":114,"column":4},"end":{"line":116,"column":5}},"type":"if","locations":[{"start":{"line":114,"column":4},"end":{"line":116,"column":5}},{"start":{},"end":{}}],"line":114},"7":{"loc":{"start":{"line":125,"column":4},"end":{"line":125,"column":67}},"type":"if","locations":[{"start":{"line":125,"column":4},"end":{"line":125,"column":67}},{"start":{},"end":{}}],"line":125}},"s":{"0":2,"1":2,"2":2,"3":2,"4":0,"5":0,"6":0,"7":1,"8":2,"9":0,"10":0,"11":0,"12":0,"13":1,"14":1,"15":0,"16":0,"17":0,"18":0},"f":{"0":1,"1":0,"2":0,"3":1,"4":0,"5":0},"b":{"0":[0,2],"1":[2,0],"2":[0,0],"3":[0,0],"4":[0,0],"5":[1,0],"6":[0,0],"7":[0,0]},"inputSourceMap":null,"_coverageSchema":"1a1c01bbd47fc00a2c39e90264f33305004495a9","hash":"fdbbca27e8000a9a1371244b449679be4a7ba1ed"}
,"/Users/namanrai/projects/elections/ElectionIQ/js/nlp.js": {"path":"/Users/namanrai/projects/elections/ElectionIQ/js/nlp.js","statementMap":{"0":{"start":{"line":26,"column":2},"end":{"line":26,"column":64}},"1":{"start":{"line":30,"column":2},"end":{"line":30,"column":65}},"2":{"start":{"line":33,"column":22},"end":{"line":33,"column":27}},"3":{"start":{"line":68,"column":2},"end":{"line":68,"column":68}},"4":{"start":{"line":68,"column":42},"end":{"line":68,"column":68}},"5":{"start":{"line":70,"column":2},"end":{"line":103,"column":3}},"6":{"start":{"line":71,"column":40},"end":{"line":82,"column":6}},"7":{"start":{"line":84,"column":26},"end":{"line":84,"column":74}},"8":{"start":{"line":85,"column":26},"end":{"line":85,"column":74}},"9":{"start":{"line":87,"column":21},"end":{"line":89,"column":76}},"10":{"start":{"line":88,"column":22},"end":{"line":88,"column":59}},"11":{"start":{"line":89,"column":17},"end":{"line":89,"column":74}},"12":{"start":{"line":91,"column":22},"end":{"line":91,"column":65}},"13":{"start":{"line":93,"column":4},"end":{"line":98,"column":6}},"14":{"start":{"line":96,"column":38},"end":{"line":96,"column":59}},"15":{"start":{"line":96,"column":70},"end":{"line":96,"column":76}},"16":{"start":{"line":97,"column":38},"end":{"line":97,"column":56}},"17":{"start":{"line":97,"column":67},"end":{"line":97,"column":73}},"18":{"start":{"line":101,"column":4},"end":{"line":101,"column":66}},"19":{"start":{"line":102,"column":4},"end":{"line":102,"column":30}},"20":{"start":{"line":118,"column":2},"end":{"line":118,"column":47}},"21":{"start":{"line":118,"column":37},"end":{"line":118,"column":47}},"22":{"start":{"line":120,"column":22},"end":{"line":123,"column":15}},"23":{"start":{"line":122,"column":14},"end":{"line":122,"column":73}},"24":{"start":{"line":126,"column":4},"end":{"line":128,"column":45}},"25":{"start":{"line":130,"column":16},"end":{"line":130,"column":47}},"26":{"start":{"line":131,"column":2},"end":{"line":131,"column":104}},"27":{"start":{"line":131,"column":35},"end":{"line":131,"column":104}},"28":{"start":{"line":132,"column":2},"end":{"line":132,"column":98}},"29":{"start":{"line":132,"column":35},"end":{"line":132,"column":98}},"30":{"start":{"line":133,"column":2},"end":{"line":133,"column":51}},"31":{"start":{"line":135,"column":2},"end":{"line":135,"column":26}},"32":{"start":{"line":144,"column":2},"end":{"line":144,"column":67}}},"fnMap":{"0":{"name":"analyseQuery","decl":{"start":{"line":67,"column":22},"end":{"line":67,"column":34}},"loc":{"start":{"line":67,"column":41},"end":{"line":104,"column":1}},"line":67},"1":{"name":"(anonymous_1)","decl":{"start":{"line":88,"column":12},"end":{"line":88,"column":13}},"loc":{"start":{"line":88,"column":22},"end":{"line":88,"column":59}},"line":88},"2":{"name":"(anonymous_2)","decl":{"start":{"line":89,"column":11},"end":{"line":89,"column":12}},"loc":{"start":{"line":89,"column":17},"end":{"line":89,"column":74}},"line":89},"3":{"name":"(anonymous_3)","decl":{"start":{"line":96,"column":33},"end":{"line":96,"column":34}},"loc":{"start":{"line":96,"column":38},"end":{"line":96,"column":59}},"line":96},"4":{"name":"(anonymous_4)","decl":{"start":{"line":96,"column":65},"end":{"line":96,"column":66}},"loc":{"start":{"line":96,"column":70},"end":{"line":96,"column":76}},"line":96},"5":{"name":"(anonymous_5)","decl":{"start":{"line":97,"column":33},"end":{"line":97,"column":34}},"loc":{"start":{"line":97,"column":38},"end":{"line":97,"column":56}},"line":97},"6":{"name":"(anonymous_6)","decl":{"start":{"line":97,"column":62},"end":{"line":97,"column":63}},"loc":{"start":{"line":97,"column":67},"end":{"line":97,"column":73}},"line":97},"7":{"name":"formatAnnotationForContext","decl":{"start":{"line":117,"column":16},"end":{"line":117,"column":42}},"loc":{"start":{"line":117,"column":55},"end":{"line":136,"column":1}},"line":117},"8":{"name":"(anonymous_8)","decl":{"start":{"line":122,"column":9},"end":{"line":122,"column":10}},"loc":{"start":{"line":122,"column":14},"end":{"line":122,"column":73}},"line":122},"9":{"name":"_emptyAnnotation","decl":{"start":{"line":143,"column":9},"end":{"line":143,"column":25}},"loc":{"start":{"line":143,"column":28},"end":{"line":145,"column":1}},"line":143}},"branchMap":{"0":{"loc":{"start":{"line":68,"column":2},"end":{"line":68,"column":68}},"type":"if","locations":[{"start":{"line":68,"column":2},"end":{"line":68,"column":68}},{"start":{},"end":{}}],"line":68},"1":{"loc":{"start":{"line":68,"column":6},"end":{"line":68,"column":40}},"type":"binary-expr","locations":[{"start":{"line":68,"column":6},"end":{"line":68,"column":11}},{"start":{"line":68,"column":15},"end":{"line":68,"column":40}}],"line":68},"2":{"loc":{"start":{"line":84,"column":26},"end":{"line":84,"column":74}},"type":"cond-expr","locations":[{"start":{"line":84,"column":44},"end":{"line":84,"column":68}},{"start":{"line":84,"column":72},"end":{"line":84,"column":74}}],"line":84},"3":{"loc":{"start":{"line":85,"column":26},"end":{"line":85,"column":74}},"type":"cond-expr","locations":[{"start":{"line":85,"column":44},"end":{"line":85,"column":69}},{"start":{"line":85,"column":72},"end":{"line":85,"column":74}}],"line":85},"4":{"loc":{"start":{"line":87,"column":22},"end":{"line":87,"column":49}},"type":"binary-expr","locations":[{"start":{"line":87,"column":22},"end":{"line":87,"column":43}},{"start":{"line":87,"column":47},"end":{"line":87,"column":49}}],"line":87},"5":{"loc":{"start":{"line":88,"column":23},"end":{"line":88,"column":38}},"type":"binary-expr","locations":[{"start":{"line":88,"column":23},"end":{"line":88,"column":33}},{"start":{"line":88,"column":37},"end":{"line":88,"column":38}}],"line":88},"6":{"loc":{"start":{"line":88,"column":43},"end":{"line":88,"column":58}},"type":"binary-expr","locations":[{"start":{"line":88,"column":43},"end":{"line":88,"column":53}},{"start":{"line":88,"column":57},"end":{"line":88,"column":58}}],"line":88},"7":{"loc":{"start":{"line":89,"column":57},"end":{"line":89,"column":72}},"type":"binary-expr","locations":[{"start":{"line":89,"column":57},"end":{"line":89,"column":67}},{"start":{"line":89,"column":71},"end":{"line":89,"column":72}}],"line":89},"8":{"loc":{"start":{"line":91,"column":22},"end":{"line":91,"column":65}},"type":"binary-expr","locations":[{"start":{"line":91,"column":22},"end":{"line":91,"column":60}},{"start":{"line":91,"column":64},"end":{"line":91,"column":65}}],"line":91},"9":{"loc":{"start":{"line":118,"column":2},"end":{"line":118,"column":47}},"type":"if","locations":[{"start":{"line":118,"column":2},"end":{"line":118,"column":47}},{"start":{},"end":{}}],"line":118},"10":{"loc":{"start":{"line":126,"column":4},"end":{"line":128,"column":45}},"type":"cond-expr","locations":[{"start":{"line":126,"column":35},"end":{"line":126,"column":45}},{"start":{"line":127,"column":4},"end":{"line":128,"column":45}}],"line":126},"11":{"loc":{"start":{"line":127,"column":4},"end":{"line":128,"column":45}},"type":"cond-expr","locations":[{"start":{"line":127,"column":35},"end":{"line":127,"column":45}},{"start":{"line":128,"column":36},"end":{"line":128,"column":45}}],"line":127},"12":{"loc":{"start":{"line":131,"column":2},"end":{"line":131,"column":104}},"type":"if","locations":[{"start":{"line":131,"column":2},"end":{"line":131,"column":104}},{"start":{},"end":{}}],"line":131},"13":{"loc":{"start":{"line":132,"column":2},"end":{"line":132,"column":98}},"type":"if","locations":[{"start":{"line":132,"column":2},"end":{"line":132,"column":98}},{"start":{},"end":{}}],"line":132}},"s":{"0":1,"1":1,"2":1,"3":0,"4":0,"5":0,"6":0,"7":0,"8":0,"9":0,"10":0,"11":0,"12":0,"13":0,"14":0,"15":0,"16":0,"17":0,"18":0,"19":0,"20":12,"21":3,"22":9,"23":13,"24":9,"25":9,"26":9,"27":3,"28":9,"29":1,"30":9,"31":9,"32":0},"f":{"0":0,"1":0,"2":0,"3":0,"4":0,"5":0,"6":0,"7":12,"8":13,"9":0},"b":{"0":[0,0],"1":[0,0],"2":[0,0],"3":[0,0],"4":[0,0],"5":[0,0],"6":[0,0],"7":[0,0],"8":[0,0],"9":[3,9],"10":[1,8],"11":[1,7],"12":[3,6],"13":[1,8]},"inputSourceMap":null,"_coverageSchema":"1a1c01bbd47fc00a2c39e90264f33305004495a9","hash":"b3dcd10d72a0ee81c1b3b49101fbf92a0cb20674"}
,"/Users/namanrai/projects/elections/ElectionIQ/js/proactive.js": {"path":"/Users/namanrai/projects/elections/ElectionIQ/js/proactive.js","statementMap":{"0":{"start":{"line":20,"column":19},"end":{"line":20,"column":23}},"1":{"start":{"line":23,"column":19},"end":{"line":23,"column":23}},"2":{"start":{"line":26,"column":25},"end":{"line":26,"column":31}},"3":{"start":{"line":36,"column":2},"end":{"line":36,"column":26}},"4":{"start":{"line":36,"column":19},"end":{"line":36,"column":26}},"5":{"start":{"line":37,"column":2},"end":{"line":37,"column":74}},"6":{"start":{"line":37,"column":34},"end":{"line":37,"column":54}},"7":{"start":{"line":38,"column":2},"end":{"line":38,"column":23}},"8":{"start":{"line":48,"column":2},"end":{"line":51,"column":3}},"9":{"start":{"line":49,"column":4},"end":{"line":49,"column":31}},"10":{"start":{"line":50,"column":4},"end":{"line":50,"column":23}},"11":{"start":{"line":63,"column":21},"end":{"line":63,"column":41}},"12":{"start":{"line":64,"column":14},"end":{"line":64,"column":24}},"13":{"start":{"line":66,"column":19},"end":{"line":67,"column":39}},"14":{"start":{"line":67,"column":4},"end":{"line":67,"column":39}},"15":{"start":{"line":69,"column":2},"end":{"line":77,"column":3}},"16":{"start":{"line":70,"column":20},"end":{"line":70,"column":61}},"17":{"start":{"line":71,"column":4},"end":{"line":76,"column":5}},"18":{"start":{"line":72,"column":6},"end":{"line":75,"column":8}},"19":{"start":{"line":79,"column":2},"end":{"line":85,"column":3}},"20":{"start":{"line":80,"column":22},"end":{"line":80,"column":59}},"21":{"start":{"line":81,"column":4},"end":{"line":84,"column":5}},"22":{"start":{"line":82,"column":6},"end":{"line":83,"column":46}},"23":{"start":{"line":87,"column":2},"end":{"line":98,"column":3}},"24":{"start":{"line":88,"column":25},"end":{"line":88,"column":57}},"25":{"start":{"line":89,"column":4},"end":{"line":92,"column":5}},"26":{"start":{"line":90,"column":6},"end":{"line":91,"column":43}},"27":{"start":{"line":94,"column":4},"end":{"line":97,"column":5}},"28":{"start":{"line":95,"column":6},"end":{"line":96,"column":66}},"29":{"start":{"line":100,"column":2},"end":{"line":100,"column":14}},"30":{"start":{"line":112,"column":2},"end":{"line":112,"column":43}},"31":{"start":{"line":113,"column":14},"end":{"line":113,"column":30}},"32":{"start":{"line":114,"column":18},"end":{"line":114,"column":38}},"33":{"start":{"line":115,"column":2},"end":{"line":115,"column":55}},"34":{"start":{"line":115,"column":48},"end":{"line":115,"column":55}},"35":{"start":{"line":116,"column":2},"end":{"line":116,"column":29}},"36":{"start":{"line":117,"column":2},"end":{"line":117,"column":35}},"37":{"start":{"line":118,"column":2},"end":{"line":126,"column":3}},"38":{"start":{"line":119,"column":16},"end":{"line":119,"column":61}},"39":{"start":{"line":120,"column":4},"end":{"line":120,"column":19}},"40":{"start":{"line":122,"column":4},"end":{"line":122,"column":71}},"41":{"start":{"line":124,"column":4},"end":{"line":124,"column":43}},"42":{"start":{"line":125,"column":4},"end":{"line":125,"column":88}}},"fnMap":{"0":{"name":"startProactiveLoop","decl":{"start":{"line":35,"column":16},"end":{"line":35,"column":34}},"loc":{"start":{"line":35,"column":46},"end":{"line":39,"column":1}},"line":35},"1":{"name":"(anonymous_1)","decl":{"start":{"line":37,"column":28},"end":{"line":37,"column":29}},"loc":{"start":{"line":37,"column":34},"end":{"line":37,"column":54}},"line":37},"2":{"name":"stopProactiveLoop","decl":{"start":{"line":47,"column":16},"end":{"line":47,"column":33}},"loc":{"start":{"line":47,"column":36},"end":{"line":52,"column":1}},"line":47},"3":{"name":"evaluateTrigger","decl":{"start":{"line":62,"column":16},"end":{"line":62,"column":31}},"loc":{"start":{"line":62,"column":37},"end":{"line":101,"column":1}},"line":62},"4":{"name":"(anonymous_4)","decl":{"start":{"line":66,"column":19},"end":{"line":66,"column":20}},"loc":{"start":{"line":67,"column":4},"end":{"line":67,"column":39}},"line":67},"5":{"name":"_evaluate","decl":{"start":{"line":111,"column":15},"end":{"line":111,"column":24}},"loc":{"start":{"line":111,"column":36},"end":{"line":127,"column":1}},"line":111}},"branchMap":{"0":{"loc":{"start":{"line":36,"column":2},"end":{"line":36,"column":26}},"type":"if","locations":[{"start":{"line":36,"column":2},"end":{"line":36,"column":26}},{"start":{},"end":{}}],"line":36},"1":{"loc":{"start":{"line":48,"column":2},"end":{"line":51,"column":3}},"type":"if","locations":[{"start":{"line":48,"column":2},"end":{"line":51,"column":3}},{"start":{},"end":{}}],"line":48},"2":{"loc":{"start":{"line":63,"column":21},"end":{"line":63,"column":41}},"type":"binary-expr","locations":[{"start":{"line":63,"column":21},"end":{"line":63,"column":35}},{"start":{"line":63,"column":39},"end":{"line":63,"column":41}}],"line":63},"3":{"loc":{"start":{"line":69,"column":2},"end":{"line":77,"column":3}},"type":"if","locations":[{"start":{"line":69,"column":2},"end":{"line":77,"column":3}},{"start":{},"end":{}}],"line":69},"4":{"loc":{"start":{"line":71,"column":4},"end":{"line":76,"column":5}},"type":"if","locations":[{"start":{"line":71,"column":4},"end":{"line":76,"column":5}},{"start":{},"end":{}}],"line":71},"5":{"loc":{"start":{"line":71,"column":8},"end":{"line":71,"column":36}},"type":"binary-expr","locations":[{"start":{"line":71,"column":8},"end":{"line":71,"column":20}},{"start":{"line":71,"column":24},"end":{"line":71,"column":36}}],"line":71},"6":{"loc":{"start":{"line":79,"column":2},"end":{"line":85,"column":3}},"type":"if","locations":[{"start":{"line":79,"column":2},"end":{"line":85,"column":3}},{"start":{},"end":{}}],"line":79},"7":{"loc":{"start":{"line":81,"column":4},"end":{"line":84,"column":5}},"type":"if","locations":[{"start":{"line":81,"column":4},"end":{"line":84,"column":5}},{"start":{},"end":{}}],"line":81},"8":{"loc":{"start":{"line":87,"column":2},"end":{"line":98,"column":3}},"type":"if","locations":[{"start":{"line":87,"column":2},"end":{"line":98,"column":3}},{"start":{},"end":{}}],"line":87},"9":{"loc":{"start":{"line":89,"column":4},"end":{"line":92,"column":5}},"type":"if","locations":[{"start":{"line":89,"column":4},"end":{"line":92,"column":5}},{"start":{},"end":{}}],"line":89},"10":{"loc":{"start":{"line":94,"column":4},"end":{"line":97,"column":5}},"type":"if","locations":[{"start":{"line":94,"column":4},"end":{"line":97,"column":5}},{"start":{},"end":{}}],"line":94},"11":{"loc":{"start":{"line":115,"column":2},"end":{"line":115,"column":55}},"type":"if","locations":[{"start":{"line":115,"column":2},"end":{"line":115,"column":55}},{"start":{},"end":{}}],"line":115},"12":{"loc":{"start":{"line":115,"column":6},"end":{"line":115,"column":46}},"type":"binary-expr","locations":[{"start":{"line":115,"column":6},"end":{"line":115,"column":14}},{"start":{"line":115,"column":18},"end":{"line":115,"column":46}}],"line":115}},"s":{"0":1,"1":1,"2":1,"3":0,"4":0,"5":0,"6":0,"7":0,"8":0,"9":0,"10":0,"11":16,"12":16,"13":16,"14":13,"15":16,"16":7,"17":7,"18":5,"19":11,"20":2,"21":2,"22":1,"23":10,"24":4,"25":4,"26":1,"27":3,"28":1,"29":8,"30":0,"31":0,"32":0,"33":0,"34":0,"35":0,"36":0,"37":0,"38":0,"39":0,"40":0,"41":0,"42":0},"f":{"0":0,"1":0,"2":0,"3":16,"4":13,"5":0},"b":{"0":[0,0],"1":[0,0],"2":[16,2],"3":[7,9],"4":[5,2],"5":[7,7],"6":[2,9],"7":[1,1],"8":[4,6],"9":[1,3],"10":[1,2],"11":[0,0],"12":[0,0]},"inputSourceMap":null,"_coverageSchema":"1a1c01bbd47fc00a2c39e90264f33305004495a9","hash":"b714ab6aea7a9575797109452a37b129cdce472b"}
,"/Users/namanrai/projects/elections/ElectionIQ/js/routes.js": {"path":"/Users/namanrai/projects/elections/ElectionIQ/js/routes.js","statementMap":{"0":{"start":{"line":21,"column":19},"end":{"line":21,"column":78}},"1":{"start":{"line":24,"column":19},"end":{"line":24,"column":24}},"2":{"start":{"line":53,"column":15},"end":{"line":59,"column":3}},"3":{"start":{"line":62,"column":2},"end":{"line":79,"column":3}},"4":{"start":{"line":63,"column":16},"end":{"line":72,"column":18}},"5":{"start":{"line":74,"column":4},"end":{"line":74,"column":72}},"6":{"start":{"line":74,"column":17},"end":{"line":74,"column":72}},"7":{"start":{"line":75,"column":4},"end":{"line":75,"column":28}},"8":{"start":{"line":77,"column":4},"end":{"line":77,"column":66}},"9":{"start":{"line":78,"column":4},"end":{"line":78,"column":55}},"10":{"start":{"line":81,"column":16},"end":{"line":81,"column":32}},"11":{"start":{"line":82,"column":2},"end":{"line":82,"column":68}},"12":{"start":{"line":82,"column":14},"end":{"line":82,"column":68}},"13":{"start":{"line":84,"column":18},"end":{"line":84,"column":43}},"14":{"start":{"line":85,"column":18},"end":{"line":85,"column":51}},"15":{"start":{"line":86,"column":18},"end":{"line":86,"column":41}},"16":{"start":{"line":88,"column":2},"end":{"line":93,"column":4}}},"fnMap":{"0":{"name":"computeRoute","decl":{"start":{"line":52,"column":22},"end":{"line":52,"column":34}},"loc":{"start":{"line":52,"column":56},"end":{"line":94,"column":1}},"line":52}},"branchMap":{"0":{"loc":{"start":{"line":74,"column":4},"end":{"line":74,"column":72}},"type":"if","locations":[{"start":{"line":74,"column":4},"end":{"line":74,"column":72}},{"start":{},"end":{}}],"line":74},"1":{"loc":{"start":{"line":82,"column":2},"end":{"line":82,"column":68}},"type":"if","locations":[{"start":{"line":82,"column":2},"end":{"line":82,"column":68}},{"start":{},"end":{}}],"line":82},"2":{"loc":{"start":{"line":84,"column":18},"end":{"line":84,"column":43}},"type":"binary-expr","locations":[{"start":{"line":84,"column":18},"end":{"line":84,"column":38}},{"start":{"line":84,"column":42},"end":{"line":84,"column":43}}],"line":84},"3":{"loc":{"start":{"line":85,"column":18},"end":{"line":85,"column":51}},"type":"binary-expr","locations":[{"start":{"line":85,"column":18},"end":{"line":85,"column":46}},{"start":{"line":85,"column":50},"end":{"line":85,"column":51}}],"line":85}},"s":{"0":1,"1":1,"2":6,"3":6,"4":6,"5":6,"6":1,"7":5,"8":1,"9":1,"10":5,"11":5,"12":2,"13":3,"14":3,"15":3,"16":3},"f":{"0":6},"b":{"0":[1,5],"1":[2,3],"2":[3,0],"3":[3,1]},"inputSourceMap":null,"_coverageSchema":"1a1c01bbd47fc00a2c39e90264f33305004495a9","hash":"d2479221840d5017bd92621f81f7072b936ac108"}
,"/Users/namanrai/projects/elections/ElectionIQ/js/timeline.js": {"path":"/Users/namanrai/projects/elections/ElectionIQ/js/timeline.js","statementMap":{"0":{"start":{"line":14,"column":2},"end":{"line":14,"column":25}},"1":{"start":{"line":14,"column":18},"end":{"line":14,"column":25}},"2":{"start":{"line":16,"column":2},"end":{"line":16,"column":27}},"3":{"start":{"line":19,"column":18},"end":{"line":19,"column":47}},"4":{"start":{"line":20,"column":2},"end":{"line":20,"column":42}},"5":{"start":{"line":21,"column":2},"end":{"line":21,"column":38}},"6":{"start":{"line":22,"column":2},"end":{"line":22,"column":66}},"7":{"start":{"line":23,"column":2},"end":{"line":23,"column":33}},"8":{"start":{"line":24,"column":2},"end":{"line":24,"column":33}},"9":{"start":{"line":25,"column":2},"end":{"line":25,"column":41}},"10":{"start":{"line":26,"column":2},"end":{"line":26,"column":29}},"11":{"start":{"line":28,"column":16},"end":{"line":33,"column":3}},"12":{"start":{"line":35,"column":2},"end":{"line":53,"column":5}},"13":{"start":{"line":36,"column":17},"end":{"line":36,"column":46}},"14":{"start":{"line":37,"column":4},"end":{"line":37,"column":48}},"15":{"start":{"line":38,"column":4},"end":{"line":38,"column":22}},"16":{"start":{"line":39,"column":4},"end":{"line":39,"column":32}},"17":{"start":{"line":40,"column":4},"end":{"line":40,"column":65}},"18":{"start":{"line":41,"column":4},"end":{"line":41,"column":56}},"19":{"start":{"line":42,"column":4},"end":{"line":42,"column":34}},"20":{"start":{"line":44,"column":15},"end":{"line":44,"column":34}},"21":{"start":{"line":45,"column":20},"end":{"line":45,"column":66}},"22":{"start":{"line":47,"column":4},"end":{"line":50,"column":6}},"23":{"start":{"line":52,"column":4},"end":{"line":52,"column":30}},"24":{"start":{"line":55,"column":2},"end":{"line":55,"column":33}},"25":{"start":{"line":64,"column":13},"end":{"line":64,"column":68}},"26":{"start":{"line":65,"column":2},"end":{"line":65,"column":18}},"27":{"start":{"line":65,"column":11},"end":{"line":65,"column":18}},"28":{"start":{"line":67,"column":2},"end":{"line":77,"column":3}},"29":{"start":{"line":68,"column":4},"end":{"line":68,"column":29}},"30":{"start":{"line":69,"column":4},"end":{"line":69,"column":66}},"31":{"start":{"line":70,"column":9},"end":{"line":77,"column":3}},"32":{"start":{"line":71,"column":4},"end":{"line":71,"column":27}},"33":{"start":{"line":72,"column":4},"end":{"line":72,"column":61}},"34":{"start":{"line":73,"column":4},"end":{"line":73,"column":62}},"35":{"start":{"line":75,"column":4},"end":{"line":75,"column":27}},"36":{"start":{"line":76,"column":4},"end":{"line":76,"column":50}},"37":{"start":{"line":86,"column":13},"end":{"line":86,"column":59}},"38":{"start":{"line":87,"column":2},"end":{"line":87,"column":18}},"39":{"start":{"line":87,"column":11},"end":{"line":87,"column":18}},"40":{"start":{"line":88,"column":2},"end":{"line":88,"column":51}},"41":{"start":{"line":88,"column":37},"end":{"line":88,"column":49}},"42":{"start":{"line":89,"column":2},"end":{"line":94,"column":5}},"43":{"start":{"line":90,"column":4},"end":{"line":93,"column":5}},"44":{"start":{"line":91,"column":6},"end":{"line":91,"column":25}},"45":{"start":{"line":92,"column":6},"end":{"line":92,"column":19}}},"fnMap":{"0":{"name":"initTimeline","decl":{"start":{"line":13,"column":16},"end":{"line":13,"column":28}},"loc":{"start":{"line":13,"column":52},"end":{"line":56,"column":1}},"line":13},"1":{"name":"(anonymous_1)","decl":{"start":{"line":35,"column":16},"end":{"line":35,"column":17}},"loc":{"start":{"line":35,"column":24},"end":{"line":53,"column":3}},"line":35},"2":{"name":"updateMilestoneStatus","decl":{"start":{"line":63,"column":16},"end":{"line":63,"column":37}},"loc":{"start":{"line":63,"column":59},"end":{"line":78,"column":1}},"line":63},"3":{"name":"onMilestoneClick","decl":{"start":{"line":85,"column":16},"end":{"line":85,"column":32}},"loc":{"start":{"line":85,"column":47},"end":{"line":95,"column":1}},"line":85},"4":{"name":"(anonymous_4)","decl":{"start":{"line":88,"column":31},"end":{"line":88,"column":32}},"loc":{"start":{"line":88,"column":37},"end":{"line":88,"column":49}},"line":88},"5":{"name":"(anonymous_5)","decl":{"start":{"line":89,"column":33},"end":{"line":89,"column":34}},"loc":{"start":{"line":89,"column":40},"end":{"line":94,"column":3}},"line":89}},"branchMap":{"0":{"loc":{"start":{"line":14,"column":2},"end":{"line":14,"column":25}},"type":"if","locations":[{"start":{"line":14,"column":2},"end":{"line":14,"column":25}},{"start":{},"end":{}}],"line":14},"1":{"loc":{"start":{"line":45,"column":20},"end":{"line":45,"column":66}},"type":"cond-expr","locations":[{"start":{"line":45,"column":25},"end":{"line":45,"column":58}},{"start":{"line":45,"column":61},"end":{"line":45,"column":66}}],"line":45},"2":{"loc":{"start":{"line":65,"column":2},"end":{"line":65,"column":18}},"type":"if","locations":[{"start":{"line":65,"column":2},"end":{"line":65,"column":18}},{"start":{},"end":{}}],"line":65},"3":{"loc":{"start":{"line":67,"column":2},"end":{"line":77,"column":3}},"type":"if","locations":[{"start":{"line":67,"column":2},"end":{"line":77,"column":3}},{"start":{"line":70,"column":9},"end":{"line":77,"column":3}}],"line":67},"4":{"loc":{"start":{"line":70,"column":9},"end":{"line":77,"column":3}},"type":"if","locations":[{"start":{"line":70,"column":9},"end":{"line":77,"column":3}},{"start":{"line":74,"column":9},"end":{"line":77,"column":3}}],"line":70},"5":{"loc":{"start":{"line":87,"column":2},"end":{"line":87,"column":18}},"type":"if","locations":[{"start":{"line":87,"column":2},"end":{"line":87,"column":18}},{"start":{},"end":{}}],"line":87},"6":{"loc":{"start":{"line":90,"column":4},"end":{"line":93,"column":5}},"type":"if","locations":[{"start":{"line":90,"column":4},"end":{"line":93,"column":5}},{"start":{},"end":{}}],"line":90},"7":{"loc":{"start":{"line":90,"column":8},"end":{"line":90,"column":42}},"type":"binary-expr","locations":[{"start":{"line":90,"column":8},"end":{"line":90,"column":25}},{"start":{"line":90,"column":29},"end":{"line":90,"column":42}}],"line":90}},"s":{"0":2,"1":0,"2":2,"3":2,"4":2,"5":2,"6":2,"7":2,"8":2,"9":2,"10":2,"11":2,"12":2,"13":8,"14":8,"15":8,"16":8,"17":8,"18":8,"19":8,"20":8,"21":8,"22":8,"23":8,"24":2,"25":1,"26":1,"27":0,"28":1,"29":0,"30":0,"31":1,"32":1,"33":1,"34":1,"35":0,"36":0,"37":0,"38":0,"39":0,"40":0,"41":0,"42":0,"43":0,"44":0,"45":0},"f":{"0":2,"1":8,"2":1,"3":0,"4":0,"5":0},"b":{"0":[0,2],"1":[2,6],"2":[0,1],"3":[0,1],"4":[1,0],"5":[0,0],"6":[0,0],"7":[0,0]},"inputSourceMap":null,"_coverageSchema":"1a1c01bbd47fc00a2c39e90264f33305004495a9","hash":"ba4a09b0c1d8341b164168d9c902dc3ac37ac8e7"}
,"/Users/namanrai/projects/elections/ElectionIQ/js/utils.js": {"path":"/Users/namanrai/projects/elections/ElectionIQ/js/utils.js","statementMap":{"0":{"start":{"line":28,"column":21},"end":{"line":28,"column":42}},"1":{"start":{"line":29,"column":16},"end":{"line":29,"column":63}},"2":{"start":{"line":29,"column":33},"end":{"line":29,"column":51}},"3":{"start":{"line":30,"column":2},"end":{"line":34,"column":3}},"4":{"start":{"line":31,"column":4},"end":{"line":31,"column":71}},"5":{"start":{"line":33,"column":4},"end":{"line":33,"column":24}},"6":{"start":{"line":51,"column":2},"end":{"line":51,"column":41}},"7":{"start":{"line":51,"column":31},"end":{"line":51,"column":41}},"8":{"start":{"line":52,"column":2},"end":{"line":52,"column":66}},"9":{"start":{"line":66,"column":15},"end":{"line":66,"column":54}},"10":{"start":{"line":67,"column":2},"end":{"line":67,"column":62}},"11":{"start":{"line":83,"column":2},"end":{"line":83,"column":45}}},"fnMap":{"0":{"name":"fetchWithTimeout","decl":{"start":{"line":27,"column":22},"end":{"line":27,"column":38}},"loc":{"start":{"line":27,"column":77},"end":{"line":35,"column":1}},"line":27},"1":{"name":"(anonymous_1)","decl":{"start":{"line":29,"column":27},"end":{"line":29,"column":28}},"loc":{"start":{"line":29,"column":33},"end":{"line":29,"column":51}},"line":29},"2":{"name":"sanitise","decl":{"start":{"line":50,"column":16},"end":{"line":50,"column":24}},"loc":{"start":{"line":50,"column":44},"end":{"line":53,"column":1}},"line":50},"3":{"name":"uniqueId","decl":{"start":{"line":65,"column":16},"end":{"line":65,"column":24}},"loc":{"start":{"line":65,"column":38},"end":{"line":68,"column":1}},"line":65},"4":{"name":"clamp","decl":{"start":{"line":82,"column":16},"end":{"line":82,"column":21}},"loc":{"start":{"line":82,"column":39},"end":{"line":84,"column":1}},"line":82}},"branchMap":{"0":{"loc":{"start":{"line":27,"column":44},"end":{"line":27,"column":56}},"type":"default-arg","locations":[{"start":{"line":27,"column":54},"end":{"line":27,"column":56}}],"line":27},"1":{"loc":{"start":{"line":27,"column":58},"end":{"line":27,"column":75}},"type":"default-arg","locations":[{"start":{"line":27,"column":70},"end":{"line":27,"column":75}}],"line":27},"2":{"loc":{"start":{"line":50,"column":30},"end":{"line":50,"column":42}},"type":"default-arg","locations":[{"start":{"line":50,"column":39},"end":{"line":50,"column":42}}],"line":50},"3":{"loc":{"start":{"line":51,"column":2},"end":{"line":51,"column":41}},"type":"if","locations":[{"start":{"line":51,"column":2},"end":{"line":51,"column":41}},{"start":{},"end":{}}],"line":51},"4":{"loc":{"start":{"line":65,"column":25},"end":{"line":65,"column":36}},"type":"default-arg","locations":[{"start":{"line":65,"column":34},"end":{"line":65,"column":36}}],"line":65},"5":{"loc":{"start":{"line":67,"column":21},"end":{"line":67,"column":38}},"type":"cond-expr","locations":[{"start":{"line":67,"column":30},"end":{"line":67,"column":33}},{"start":{"line":67,"column":36},"end":{"line":67,"column":38}}],"line":67}},"s":{"0":6,"1":6,"2":0,"3":6,"4":6,"5":6,"6":14,"7":3,"8":11,"9":104,"10":104,"11":8},"f":{"0":6,"1":0,"2":14,"3":104,"4":8},"b":{"0":[0],"1":[0],"2":[13],"3":[3,11],"4":[3],"5":[101,3]},"inputSourceMap":null,"_coverageSchema":"1a1c01bbd47fc00a2c39e90264f33305004495a9","hash":"4726fe088166ed15d1c6f7aa02a525d6eec0c93d"}
}
