{"/Users/namanrai/projects/PROMPTWARS 2 elections/ElectionIQ/js/ai.js": {"path":"/Users/namanrai/projects/PROMPTWARS 2 elections/ElectionIQ/js/ai.js","statementMap":{"0":{"start":{"line":37,"column":15},"end":{"line":37,"column":92}},"1":{"start":{"line":40,"column":22},"end":{"line":40,"column":28}},"2":{"start":{"line":43,"column":17},"end":{"line":43,"column":21}},"3":{"start":{"line":58,"column":2},"end":{"line":88,"column":3}},"4":{"start":{"line":59,"column":22},"end":{"line":59,"column":59}},"5":{"start":{"line":60,"column":4},"end":{"line":87,"column":5}},"6":{"start":{"line":61,"column":18},"end":{"line":70,"column":23}},"7":{"start":{"line":72,"column":6},"end":{"line":76,"column":7}},"8":{"start":{"line":73,"column":26},"end":{"line":73,"column":42}},"9":{"start":{"line":74,"column":8},"end":{"line":74,"column":20}},"10":{"start":{"line":75,"column":8},"end":{"line":75,"column":21}},"11":{"start":{"line":77,"column":6},"end":{"line":77,"column":51}},"12":{"start":{"line":79,"column":6},"end":{"line":79,"column":18}},"13":{"start":{"line":81,"column":6},"end":{"line":86,"column":7}},"14":{"start":{"line":82,"column":8},"end":{"line":82,"column":74}},"15":{"start":{"line":84,"column":8},"end":{"line":84,"column":82}},"16":{"start":{"line":85,"column":8},"end":{"line":85,"column":27}},"17":{"start":{"line":91,"column":2},"end":{"line":91,"column":37}},"18":{"start":{"line":100,"column":2},"end":{"line":100,"column":20}}},"fnMap":{"0":{"name":"routeAIQuery","decl":{"start":{"line":57,"column":22},"end":{"line":57,"column":34}},"loc":{"start":{"line":57,"column":73},"end":{"line":92,"column":1}},"line":57},"1":{"name":"resetCFHealth","decl":{"start":{"line":99,"column":16},"end":{"line":99,"column":29}},"loc":{"start":{"line":99,"column":32},"end":{"line":101,"column":1}},"line":99}},"branchMap":{"0":{"loc":{"start":{"line":57,"column":53},"end":{"line":57,"column":71}},"type":"default-arg","locations":[{"start":{"line":57,"column":62},"end":{"line":57,"column":71}}],"line":57},"1":{"loc":{"start":{"line":58,"column":2},"end":{"line":88,"column":3}},"type":"if","locations":[{"start":{"line":58,"column":2},"end":{"line":88,"column":3}},{"start":{},"end":{}}],"line":58},"2":{"loc":{"start":{"line":68,"column":21},"end":{"line":68,"column":47}},"type":"binary-expr","locations":[{"start":{"line":68,"column":21},"end":{"line":68,"column":32}},{"start":{"line":68,"column":36},"end":{"line":68,"column":47}}],"line":68},"3":{"loc":{"start":{"line":72,"column":6},"end":{"line":76,"column":7}},"type":"if","locations":[{"start":{"line":72,"column":6},"end":{"line":76,"column":7}},{"start":{},"end":{}}],"line":72},"4":{"loc":{"start":{"line":81,"column":6},"end":{"line":86,"column":7}},"type":"if","locations":[{"start":{"line":81,"column":6},"end":{"line":86,"column":7}},{"start":{"line":83,"column":13},"end":{"line":86,"column":7}}],"line":81}},"s":{"0":1,"1":1,"2":1,"3":8,"4":7,"5":7,"6":7,"7":3,"8":0,"9":0,"10":0,"11":3,"12":7,"13":7,"14":1,"15":6,"16":6,"17":8,"18":8},"f":{"0":8,"1":8},"b":{"0":[0],"1":[7,1],"2":[7,0],"3":[0,3],"4":[1,6]},"inputSourceMap":null,"_coverageSchema":"1a1c01bbd47fc00a2c39e90264f33305004495a9","hash":"73722b6f7068f830c2ca7f95645ff47089e74165"}
,"/Users/namanrai/projects/PROMPTWARS 2 elections/ElectionIQ/js/intent.js": {"path":"/Users/namanrai/projects/PROMPTWARS 2 elections/ElectionIQ/js/intent.js","statementMap":{"0":{"start":{"line":33,"column":17},"end":{"line":41,"column":1}},"1":{"start":{"line":58,"column":2},"end":{"line":58,"column":70}},"2":{"start":{"line":58,"column":52},"end":{"line":58,"column":69}},"3":{"start":{"line":59,"column":2},"end":{"line":61,"column":3}},"4":{"start":{"line":60,"column":4},"end":{"line":60,"column":43}},"5":{"start":{"line":60,"column":28},"end":{"line":60,"column":42}},"6":{"start":{"line":62,"column":2},"end":{"line":62,"column":19}},"7":{"start":{"line":77,"column":2},"end":{"line":77,"column":43}},"8":{"start":{"line":77,"column":32},"end":{"line":77,"column":42}},"9":{"start":{"line":78,"column":2},"end":{"line":80,"column":31}},"10":{"start":{"line":79,"column":29},"end":{"line":79,"column":46}},"11":{"start":{"line":80,"column":23},"end":{"line":80,"column":29}}},"fnMap":{"0":{"name":"classifyIntent","decl":{"start":{"line":57,"column":16},"end":{"line":57,"column":30}},"loc":{"start":{"line":57,"column":36},"end":{"line":63,"column":1}},"line":57},"1":{"name":"classifyIntentAll","decl":{"start":{"line":76,"column":16},"end":{"line":76,"column":33}},"loc":{"start":{"line":76,"column":39},"end":{"line":81,"column":1}},"line":76},"2":{"name":"(anonymous_2)","decl":{"start":{"line":79,"column":12},"end":{"line":79,"column":13}},"loc":{"start":{"line":79,"column":29},"end":{"line":79,"column":46}},"line":79},"3":{"name":"(anonymous_3)","decl":{"start":{"line":80,"column":9},"end":{"line":80,"column":10}},"loc":{"start":{"line":80,"column":23},"end":{"line":80,"column":29}},"line":80}},"branchMap":{"0":{"loc":{"start":{"line":58,"column":2},"end":{"line":58,"column":70}},"type":"if","locations":[{"start":{"line":58,"column":2},"end":{"line":58,"column":70}},{"start":{},"end":{}}],"line":58},"1":{"loc":{"start":{"line":58,"column":6},"end":{"line":58,"column":49}},"type":"binary-expr","locations":[{"start":{"line":58,"column":6},"end":{"line":58,"column":29}},{"start":{"line":58,"column":33},"end":{"line":58,"column":49}}],"line":58},"2":{"loc":{"start":{"line":60,"column":4},"end":{"line":60,"column":43}},"type":"if","locations":[{"start":{"line":60,"column":4},"end":{"line":60,"column":43}},{"start":{},"end":{}}],"line":60},"3":{"loc":{"start":{"line":77,"column":2},"end":{"line":77,"column":43}},"type":"if","locations":[{"start":{"line":77,"column":2},"end":{"line":77,"column":43}},{"start":{},"end":{}}],"line":77}},"s":{"0":1,"1":35,"2":4,"3":31,"4":130,"5":29,"6":2,"7":4,"8":1,"9":3,"10":21,"11":3},"f":{"0":35,"1":4,"2":21,"3":3},"b":{"0":[4,31],"1":[35,32],"2":[29,101],"3":[1,3]},"inputSourceMap":null,"_coverageSchema":"1a1c01bbd47fc00a2c39e90264f33305004495a9","hash":"854e3c2c936afa6f362bee2da7b1fe9734f7699d"}
,"/Users/namanrai/projects/PROMPTWARS 2 elections/ElectionIQ/js/logger.js": {"path":"/Users/namanrai/projects/PROMPTWARS 2 elections/ElectionIQ/js/logger.js","statementMap":{"0":{"start":{"line":24,"column":15},"end":{"line":30,"column":1}},"1":{"start":{"line":33,"column":20},"end":{"line":33,"column":31}},"2":{"start":{"line":36,"column":0},"end":{"line":43,"column":1}},"3":{"start":{"line":37,"column":2},"end":{"line":40,"column":3}},"4":{"start":{"line":38,"column":21},"end":{"line":38,"column":75}},"5":{"start":{"line":39,"column":4},"end":{"line":39,"column":75}},"6":{"start":{"line":39,"column":41},"end":{"line":39,"column":74}},"7":{"start":{"line":58,"column":2},"end":{"line":58,"column":52}},"8":{"start":{"line":69,"column":22},"end":{"line":127,"column":1}},"9":{"start":{"line":77,"column":4},"end":{"line":79,"column":5}},"10":{"start":{"line":78,"column":6},"end":{"line":78,"column":58}},"11":{"start":{"line":89,"column":4},"end":{"line":91,"column":5}},"12":{"start":{"line":90,"column":6},"end":{"line":90,"column":57}},"13":{"start":{"line":102,"column":4},"end":{"line":104,"column":5}},"14":{"start":{"line":103,"column":6},"end":{"line":103,"column":57}},"15":{"start":{"line":114,"column":4},"end":{"line":116,"column":5}},"16":{"start":{"line":115,"column":6},"end":{"line":115,"column":58}},"17":{"start":{"line":125,"column":4},"end":{"line":125,"column":69}},"18":{"start":{"line":125,"column":38},"end":{"line":125,"column":68}}},"fnMap":{"0":{"name":"_formatMessage","decl":{"start":{"line":57,"column":9},"end":{"line":57,"column":23}},"loc":{"start":{"line":57,"column":37},"end":{"line":59,"column":1}},"line":57},"1":{"name":"(anonymous_1)","decl":{"start":{"line":76,"column":9},"end":{"line":76,"column":10}},"loc":{"start":{"line":76,"column":35},"end":{"line":80,"column":3}},"line":76},"2":{"name":"(anonymous_2)","decl":{"start":{"line":88,"column":8},"end":{"line":88,"column":9}},"loc":{"start":{"line":88,"column":34},"end":{"line":92,"column":3}},"line":88},"3":{"name":"(anonymous_3)","decl":{"start":{"line":101,"column":8},"end":{"line":101,"column":9}},"loc":{"start":{"line":101,"column":34},"end":{"line":105,"column":3}},"line":101},"4":{"name":"(anonymous_4)","decl":{"start":{"line":113,"column":9},"end":{"line":113,"column":10}},"loc":{"start":{"line":113,"column":35},"end":{"line":117,"column":3}},"line":113},"5":{"name":"(anonymous_5)","decl":{"start":{"line":124,"column":12},"end":{"line":124,"column":13}},"loc":{"start":{"line":124,"column":23},"end":{"line":126,"column":3}},"line":124}},"branchMap":{"0":{"loc":{"start":{"line":37,"column":2},"end":{"line":40,"column":3}},"type":"if","locations":[{"start":{"line":37,"column":2},"end":{"line":40,"column":3}},{"start":{},"end":{}}],"line":37},"1":{"loc":{"start":{"line":37,"column":6},"end":{"line":37,"column":80}},"type":"binary-expr","locations":[{"start":{"line":37,"column":6},"end":{"line":37,"column":35}},{"start":{"line":37,"column":39},"end":{"line":37,"column":80}}],"line":37},"2":{"loc":{"start":{"line":39,"column":4},"end":{"line":39,"column":75}},"type":"if","locations":[{"start":{"line":39,"column":4},"end":{"line":39,"column":75}},{"start":{},"end":{}}],"line":39},"3":{"loc":{"start":{"line":77,"column":4},"end":{"line":79,"column":5}},"type":"if","locations":[{"start":{"line":77,"column":4},"end":{"line":79,"column":5}},{"start":{},"end":{}}],"line":77},"4":{"loc":{"start":{"line":89,"column":4},"end":{"line":91,"column":5}},"type":"if","locations":[{"start":{"line":89,"column":4},"end":{"line":91,"column":5}},{"start":{},"end":{}}],"line":89},"5":{"loc":{"start":{"line":102,"column":4},"end":{"line":104,"column":5}},"type":"if","locations":[{"start":{"line":102,"column":4},"end":{"line":104,"column":5}},{"start":{},"end":{}}],"line":102},"6":{"loc":{"start":{"line":114,"column":4},"end":{"line":116,"column":5}},"type":"if","locations":[{"start":{"line":114,"column":4},"end":{"line":116,"column":5}},{"start":{},"end":{}}],"line":114},"7":{"loc":{"start":{"line":125,"column":4},"end":{"line":125,"column":69}},"type":"if","locations":[{"start":{"line":125,"column":4},"end":{"line":125,"column":69}},{"start":{},"end":{}}],"line":125}},"s":{"0":3,"1":3,"2":3,"3":3,"4":0,"5":0,"6":0,"7":10,"8":3,"9":4,"10":2,"11":5,"12":3,"13":4,"14":3,"15":3,"16":2,"17":22,"18":21},"f":{"0":10,"1":4,"2":5,"3":4,"4":3,"5":22},"b":{"0":[0,3],"1":[3,1],"2":[0,0],"3":[2,2],"4":[3,2],"5":[3,1],"6":[2,1],"7":[21,1]},"inputSourceMap":null,"_coverageSchema":"1a1c01bbd47fc00a2c39e90264f33305004495a9","hash":"c27fa9ef1864418455a576f9294ea8b6226fcf8d"}
,"/Users/namanrai/projects/PROMPTWARS 2 elections/ElectionIQ/js/nlp.js": {"path":"/Users/namanrai/projects/PROMPTWARS 2 elections/ElectionIQ/js/nlp.js","statementMap":{"0":{"start":{"line":26,"column":2},"end":{"line":26,"column":64}},"1":{"start":{"line":30,"column":2},"end":{"line":30,"column":65}},"2":{"start":{"line":33,"column":22},"end":{"line":33,"column":27}},"3":{"start":{"line":68,"column":2},"end":{"line":68,"column":70}},"4":{"start":{"line":68,"column":43},"end":{"line":68,"column":69}},"5":{"start":{"line":70,"column":2},"end":{"line":103,"column":3}},"6":{"start":{"line":71,"column":40},"end":{"line":82,"column":6}},"7":{"start":{"line":84,"column":26},"end":{"line":84,"column":74}},"8":{"start":{"line":85,"column":26},"end":{"line":85,"column":74}},"9":{"start":{"line":87,"column":21},"end":{"line":89,"column":76}},"10":{"start":{"line":88,"column":22},"end":{"line":88,"column":59}},"11":{"start":{"line":89,"column":17},"end":{"line":89,"column":74}},"12":{"start":{"line":91,"column":22},"end":{"line":91,"column":65}},"13":{"start":{"line":93,"column":4},"end":{"line":98,"column":6}},"14":{"start":{"line":96,"column":38},"end":{"line":96,"column":59}},"15":{"start":{"line":96,"column":70},"end":{"line":96,"column":76}},"16":{"start":{"line":97,"column":38},"end":{"line":97,"column":56}},"17":{"start":{"line":97,"column":67},"end":{"line":97,"column":73}},"18":{"start":{"line":101,"column":4},"end":{"line":101,"column":66}},"19":{"start":{"line":102,"column":4},"end":{"line":102,"column":30}},"20":{"start":{"line":118,"column":2},"end":{"line":118,"column":49}},"21":{"start":{"line":118,"column":38},"end":{"line":118,"column":48}},"22":{"start":{"line":120,"column":22},"end":{"line":123,"column":15}},"23":{"start":{"line":122,"column":14},"end":{"line":122,"column":73}},"24":{"start":{"line":126,"column":4},"end":{"line":128,"column":45}},"25":{"start":{"line":130,"column":16},"end":{"line":130,"column":47}},"26":{"start":{"line":131,"column":2},"end":{"line":131,"column":106}},"27":{"start":{"line":131,"column":36},"end":{"line":131,"column":105}},"28":{"start":{"line":132,"column":2},"end":{"line":132,"column":100}},"29":{"start":{"line":132,"column":36},"end":{"line":132,"column":99}},"30":{"start":{"line":133,"column":2},"end":{"line":133,"column":51}},"31":{"start":{"line":135,"column":2},"end":{"line":135,"column":26}},"32":{"start":{"line":144,"column":2},"end":{"line":144,"column":67}}},"fnMap":{"0":{"name":"analyseQuery","decl":{"start":{"line":67,"column":22},"end":{"line":67,"column":34}},"loc":{"start":{"line":67,"column":41},"end":{"line":104,"column":1}},"line":67},"1":{"name":"(anonymous_1)","decl":{"start":{"line":88,"column":12},"end":{"line":88,"column":13}},"loc":{"start":{"line":88,"column":22},"end":{"line":88,"column":59}},"line":88},"2":{"name":"(anonymous_2)","decl":{"start":{"line":89,"column":11},"end":{"line":89,"column":12}},"loc":{"start":{"line":89,"column":17},"end":{"line":89,"column":74}},"line":89},"3":{"name":"(anonymous_3)","decl":{"start":{"line":96,"column":33},"end":{"line":96,"column":34}},"loc":{"start":{"line":96,"column":38},"end":{"line":96,"column":59}},"line":96},"4":{"name":"(anonymous_4)","decl":{"start":{"line":96,"column":65},"end":{"line":96,"column":66}},"loc":{"start":{"line":96,"column":70},"end":{"line":96,"column":76}},"line":96},"5":{"name":"(anonymous_5)","decl":{"start":{"line":97,"column":33},"end":{"line":97,"column":34}},"loc":{"start":{"line":97,"column":38},"end":{"line":97,"column":56}},"line":97},"6":{"name":"(anonymous_6)","decl":{"start":{"line":97,"column":62},"end":{"line":97,"column":63}},"loc":{"start":{"line":97,"column":67},"end":{"line":97,"column":73}},"line":97},"7":{"name":"formatAnnotationForContext","decl":{"start":{"line":117,"column":16},"end":{"line":117,"column":42}},"loc":{"start":{"line":117,"column":55},"end":{"line":136,"column":1}},"line":117},"8":{"name":"(anonymous_8)","decl":{"start":{"line":122,"column":9},"end":{"line":122,"column":10}},"loc":{"start":{"line":122,"column":14},"end":{"line":122,"column":73}},"line":122},"9":{"name":"_emptyAnnotation","decl":{"start":{"line":143,"column":9},"end":{"line":143,"column":25}},"loc":{"start":{"line":143,"column":28},"end":{"line":145,"column":1}},"line":143}},"branchMap":{"0":{"loc":{"start":{"line":68,"column":2},"end":{"line":68,"column":70}},"type":"if","locations":[{"start":{"line":68,"column":2},"end":{"line":68,"column":70}},{"start":{},"end":{}}],"line":68},"1":{"loc":{"start":{"line":68,"column":6},"end":{"line":68,"column":40}},"type":"binary-expr","locations":[{"start":{"line":68,"column":6},"end":{"line":68,"column":11}},{"start":{"line":68,"column":15},"end":{"line":68,"column":40}}],"line":68},"2":{"loc":{"start":{"line":84,"column":26},"end":{"line":84,"column":74}},"type":"cond-expr","locations":[{"start":{"line":84,"column":44},"end":{"line":84,"column":68}},{"start":{"line":84,"column":72},"end":{"line":84,"column":74}}],"line":84},"3":{"loc":{"start":{"line":85,"column":26},"end":{"line":85,"column":74}},"type":"cond-expr","locations":[{"start":{"line":85,"column":44},"end":{"line":85,"column":69}},{"start":{"line":85,"column":72},"end":{"line":85,"column":74}}],"line":85},"4":{"loc":{"start":{"line":87,"column":22},"end":{"line":87,"column":49}},"type":"binary-expr","locations":[{"start":{"line":87,"column":22},"end":{"line":87,"column":43}},{"start":{"line":87,"column":47},"end":{"line":87,"column":49}}],"line":87},"5":{"loc":{"start":{"line":88,"column":23},"end":{"line":88,"column":38}},"type":"binary-expr","locations":[{"start":{"line":88,"column":23},"end":{"line":88,"column":33}},{"start":{"line":88,"column":37},"end":{"line":88,"column":38}}],"line":88},"6":{"loc":{"start":{"line":88,"column":43},"end":{"line":88,"column":58}},"type":"binary-expr","locations":[{"start":{"line":88,"column":43},"end":{"line":88,"column":53}},{"start":{"line":88,"column":57},"end":{"line":88,"column":58}}],"line":88},"7":{"loc":{"start":{"line":89,"column":57},"end":{"line":89,"column":72}},"type":"binary-expr","locations":[{"start":{"line":89,"column":57},"end":{"line":89,"column":67}},{"start":{"line":89,"column":71},"end":{"line":89,"column":72}}],"line":89},"8":{"loc":{"start":{"line":91,"column":22},"end":{"line":91,"column":65}},"type":"binary-expr","locations":[{"start":{"line":91,"column":22},"end":{"line":91,"column":60}},{"start":{"line":91,"column":64},"end":{"line":91,"column":65}}],"line":91},"9":{"loc":{"start":{"line":118,"column":2},"end":{"line":118,"column":49}},"type":"if","locations":[{"start":{"line":118,"column":2},"end":{"line":118,"column":49}},{"start":{},"end":{}}],"line":118},"10":{"loc":{"start":{"line":126,"column":4},"end":{"line":128,"column":45}},"type":"cond-expr","locations":[{"start":{"line":126,"column":35},"end":{"line":126,"column":45}},{"start":{"line":127,"column":4},"end":{"line":128,"column":45}}],"line":126},"11":{"loc":{"start":{"line":127,"column":4},"end":{"line":128,"column":45}},"type":"cond-expr","locations":[{"start":{"line":127,"column":35},"end":{"line":127,"column":45}},{"start":{"line":128,"column":36},"end":{"line":128,"column":45}}],"line":127},"12":{"loc":{"start":{"line":131,"column":2},"end":{"line":131,"column":106}},"type":"if","locations":[{"start":{"line":131,"column":2},"end":{"line":131,"column":106}},{"start":{},"end":{}}],"line":131},"13":{"loc":{"start":{"line":132,"column":2},"end":{"line":132,"column":100}},"type":"if","locations":[{"start":{"line":132,"column":2},"end":{"line":132,"column":100}},{"start":{},"end":{}}],"line":132}},"s":{"0":1,"1":1,"2":1,"3":0,"4":0,"5":0,"6":0,"7":0,"8":0,"9":0,"10":0,"11":0,"12":0,"13":0,"14":0,"15":0,"16":0,"17":0,"18":0,"19":0,"20":12,"21":3,"22":9,"23":13,"24":9,"25":9,"26":9,"27":3,"28":9,"29":1,"30":9,"31":9,"32":0},"f":{"0":0,"1":0,"2":0,"3":0,"4":0,"5":0,"6":0,"7":12,"8":13,"9":0},"b":{"0":[0,0],"1":[0,0],"2":[0,0],"3":[0,0],"4":[0,0],"5":[0,0],"6":[0,0],"7":[0,0],"8":[0,0],"9":[3,9],"10":[1,8],"11":[1,7],"12":[3,6],"13":[1,8]},"inputSourceMap":null,"_coverageSchema":"1a1c01bbd47fc00a2c39e90264f33305004495a9","hash":"be131320c2a82ec1fd9ae55e91083a0456177c79"}
,"/Users/namanrai/projects/PROMPTWARS 2 elections/ElectionIQ/js/proactive.js": {"path":"/Users/namanrai/projects/PROMPTWARS 2 elections/ElectionIQ/js/proactive.js","statementMap":{"0":{"start":{"line":20,"column":19},"end":{"line":20,"column":23}},"1":{"start":{"line":23,"column":19},"end":{"line":23,"column":23}},"2":{"start":{"line":26,"column":25},"end":{"line":26,"column":31}},"3":{"start":{"line":36,"column":2},"end":{"line":36,"column":28}},"4":{"start":{"line":36,"column":20},"end":{"line":36,"column":27}},"5":{"start":{"line":37,"column":2},"end":{"line":37,"column":74}},"6":{"start":{"line":37,"column":34},"end":{"line":37,"column":54}},"7":{"start":{"line":38,"column":2},"end":{"line":38,"column":23}},"8":{"start":{"line":48,"column":2},"end":{"line":51,"column":3}},"9":{"start":{"line":49,"column":4},"end":{"line":49,"column":31}},"10":{"start":{"line":50,"column":4},"end":{"line":50,"column":23}},"11":{"start":{"line":63,"column":21},"end":{"line":63,"column":41}},"12":{"start":{"line":64,"column":14},"end":{"line":64,"column":24}},"13":{"start":{"line":66,"column":19},"end":{"line":67,"column":39}},"14":{"start":{"line":67,"column":4},"end":{"line":67,"column":39}},"15":{"start":{"line":69,"column":2},"end":{"line":77,"column":3}},"16":{"start":{"line":70,"column":20},"end":{"line":70,"column":61}},"17":{"start":{"line":71,"column":4},"end":{"line":76,"column":5}},"18":{"start":{"line":72,"column":6},"end":{"line":75,"column":8}},"19":{"start":{"line":79,"column":2},"end":{"line":85,"column":3}},"20":{"start":{"line":80,"column":22},"end":{"line":80,"column":59}},"21":{"start":{"line":81,"column":4},"end":{"line":84,"column":5}},"22":{"start":{"line":82,"column":6},"end":{"line":83,"column":46}},"23":{"start":{"line":87,"column":2},"end":{"line":98,"column":3}},"24":{"start":{"line":88,"column":25},"end":{"line":88,"column":57}},"25":{"start":{"line":89,"column":4},"end":{"line":92,"column":5}},"26":{"start":{"line":90,"column":6},"end":{"line":91,"column":43}},"27":{"start":{"line":94,"column":4},"end":{"line":97,"column":5}},"28":{"start":{"line":95,"column":6},"end":{"line":96,"column":66}},"29":{"start":{"line":100,"column":2},"end":{"line":100,"column":14}},"30":{"start":{"line":112,"column":2},"end":{"line":112,"column":43}},"31":{"start":{"line":113,"column":14},"end":{"line":113,"column":30}},"32":{"start":{"line":114,"column":18},"end":{"line":114,"column":38}},"33":{"start":{"line":115,"column":2},"end":{"line":115,"column":57}},"34":{"start":{"line":115,"column":49},"end":{"line":115,"column":56}},"35":{"start":{"line":116,"column":2},"end":{"line":116,"column":29}},"36":{"start":{"line":117,"column":2},"end":{"line":117,"column":35}},"37":{"start":{"line":118,"column":2},"end":{"line":126,"column":3}},"38":{"start":{"line":119,"column":16},"end":{"line":119,"column":61}},"39":{"start":{"line":120,"column":4},"end":{"line":120,"column":19}},"40":{"start":{"line":122,"column":4},"end":{"line":122,"column":71}},"41":{"start":{"line":124,"column":4},"end":{"line":124,"column":43}},"42":{"start":{"line":125,"column":4},"end":{"line":125,"column":88}}},"fnMap":{"0":{"name":"startProactiveLoop","decl":{"start":{"line":35,"column":16},"end":{"line":35,"column":34}},"loc":{"start":{"line":35,"column":46},"end":{"line":39,"column":1}},"line":35},"1":{"name":"(anonymous_1)","decl":{"start":{"line":37,"column":28},"end":{"line":37,"column":29}},"loc":{"start":{"line":37,"column":34},"end":{"line":37,"column":54}},"line":37},"2":{"name":"stopProactiveLoop","decl":{"start":{"line":47,"column":16},"end":{"line":47,"column":33}},"loc":{"start":{"line":47,"column":36},"end":{"line":52,"column":1}},"line":47},"3":{"name":"evaluateTrigger","decl":{"start":{"line":62,"column":16},"end":{"line":62,"column":31}},"loc":{"start":{"line":62,"column":37},"end":{"line":101,"column":1}},"line":62},"4":{"name":"(anonymous_4)","decl":{"start":{"line":66,"column":19},"end":{"line":66,"column":20}},"loc":{"start":{"line":67,"column":4},"end":{"line":67,"column":39}},"line":67},"5":{"name":"_evaluate","decl":{"start":{"line":111,"column":15},"end":{"line":111,"column":24}},"loc":{"start":{"line":111,"column":36},"end":{"line":127,"column":1}},"line":111}},"branchMap":{"0":{"loc":{"start":{"line":36,"column":2},"end":{"line":36,"column":28}},"type":"if","locations":[{"start":{"line":36,"column":2},"end":{"line":36,"column":28}},{"start":{},"end":{}}],"line":36},"1":{"loc":{"start":{"line":48,"column":2},"end":{"line":51,"column":3}},"type":"if","locations":[{"start":{"line":48,"column":2},"end":{"line":51,"column":3}},{"start":{},"end":{}}],"line":48},"2":{"loc":{"start":{"line":63,"column":21},"end":{"line":63,"column":41}},"type":"binary-expr","locations":[{"start":{"line":63,"column":21},"end":{"line":63,"column":35}},{"start":{"line":63,"column":39},"end":{"line":63,"column":41}}],"line":63},"3":{"loc":{"start":{"line":69,"column":2},"end":{"line":77,"column":3}},"type":"if","locations":[{"start":{"line":69,"column":2},"end":{"line":77,"column":3}},{"start":{},"end":{}}],"line":69},"4":{"loc":{"start":{"line":71,"column":4},"end":{"line":76,"column":5}},"type":"if","locations":[{"start":{"line":71,"column":4},"end":{"line":76,"column":5}},{"start":{},"end":{}}],"line":71},"5":{"loc":{"start":{"line":71,"column":8},"end":{"line":71,"column":36}},"type":"binary-expr","locations":[{"start":{"line":71,"column":8},"end":{"line":71,"column":20}},{"start":{"line":71,"column":24},"end":{"line":71,"column":36}}],"line":71},"6":{"loc":{"start":{"line":79,"column":2},"end":{"line":85,"column":3}},"type":"if","locations":[{"start":{"line":79,"column":2},"end":{"line":85,"column":3}},{"start":{},"end":{}}],"line":79},"7":{"loc":{"start":{"line":81,"column":4},"end":{"line":84,"column":5}},"type":"if","locations":[{"start":{"line":81,"column":4},"end":{"line":84,"column":5}},{"start":{},"end":{}}],"line":81},"8":{"loc":{"start":{"line":87,"column":2},"end":{"line":98,"column":3}},"type":"if","locations":[{"start":{"line":87,"column":2},"end":{"line":98,"column":3}},{"start":{},"end":{}}],"line":87},"9":{"loc":{"start":{"line":89,"column":4},"end":{"line":92,"column":5}},"type":"if","locations":[{"start":{"line":89,"column":4},"end":{"line":92,"column":5}},{"start":{},"end":{}}],"line":89},"10":{"loc":{"start":{"line":94,"column":4},"end":{"line":97,"column":5}},"type":"if","locations":[{"start":{"line":94,"column":4},"end":{"line":97,"column":5}},{"start":{},"end":{}}],"line":94},"11":{"loc":{"start":{"line":115,"column":2},"end":{"line":115,"column":57}},"type":"if","locations":[{"start":{"line":115,"column":2},"end":{"line":115,"column":57}},{"start":{},"end":{}}],"line":115},"12":{"loc":{"start":{"line":115,"column":6},"end":{"line":115,"column":46}},"type":"binary-expr","locations":[{"start":{"line":115,"column":6},"end":{"line":115,"column":14}},{"start":{"line":115,"column":18},"end":{"line":115,"column":46}}],"line":115}},"s":{"0":1,"1":1,"2":1,"3":0,"4":0,"5":0,"6":0,"7":0,"8":0,"9":0,"10":0,"11":16,"12":16,"13":16,"14":13,"15":16,"16":7,"17":7,"18":5,"19":11,"20":2,"21":2,"22":1,"23":10,"24":4,"25":4,"26":1,"27":3,"28":1,"29":8,"30":0,"31":0,"32":0,"33":0,"34":0,"35":0,"36":0,"37":0,"38":0,"39":0,"40":0,"41":0,"42":0},"f":{"0":0,"1":0,"2":0,"3":16,"4":13,"5":0},"b":{"0":[0,0],"1":[0,0],"2":[16,2],"3":[7,9],"4":[5,2],"5":[7,7],"6":[2,9],"7":[1,1],"8":[4,6],"9":[1,3],"10":[1,2],"11":[0,0],"12":[0,0]},"inputSourceMap":null,"_coverageSchema":"1a1c01bbd47fc00a2c39e90264f33305004495a9","hash":"9c59893403346c33c3677ac5de8067795e008332"}
,"/Users/namanrai/projects/PROMPTWARS 2 elections/ElectionIQ/js/routes.js": {"path":"/Users/namanrai/projects/PROMPTWARS 2 elections/ElectionIQ/js/routes.js","statementMap":{"0":{"start":{"line":21,"column":19},"end":{"line":21,"column":78}},"1":{"start":{"line":24,"column":19},"end":{"line":24,"column":24}},"2":{"start":{"line":53,"column":15},"end":{"line":59,"column":3}},"3":{"start":{"line":62,"column":2},"end":{"line":79,"column":3}},"4":{"start":{"line":63,"column":16},"end":{"line":72,"column":18}},"5":{"start":{"line":74,"column":4},"end":{"line":74,"column":74}},"6":{"start":{"line":74,"column":18},"end":{"line":74,"column":73}},"7":{"start":{"line":75,"column":4},"end":{"line":75,"column":28}},"8":{"start":{"line":77,"column":4},"end":{"line":77,"column":66}},"9":{"start":{"line":78,"column":4},"end":{"line":78,"column":55}},"10":{"start":{"line":81,"column":16},"end":{"line":81,"column":32}},"11":{"start":{"line":82,"column":2},"end":{"line":82,"column":70}},"12":{"start":{"line":82,"column":15},"end":{"line":82,"column":69}},"13":{"start":{"line":84,"column":18},"end":{"line":84,"column":43}},"14":{"start":{"line":85,"column":18},"end":{"line":85,"column":51}},"15":{"start":{"line":86,"column":18},"end":{"line":86,"column":41}},"16":{"start":{"line":88,"column":2},"end":{"line":93,"column":4}}},"fnMap":{"0":{"name":"computeRoute","decl":{"start":{"line":52,"column":22},"end":{"line":52,"column":34}},"loc":{"start":{"line":52,"column":56},"end":{"line":94,"column":1}},"line":52}},"branchMap":{"0":{"loc":{"start":{"line":74,"column":4},"end":{"line":74,"column":74}},"type":"if","locations":[{"start":{"line":74,"column":4},"end":{"line":74,"column":74}},{"start":{},"end":{}}],"line":74},"1":{"loc":{"start":{"line":82,"column":2},"end":{"line":82,"column":70}},"type":"if","locations":[{"start":{"line":82,"column":2},"end":{"line":82,"column":70}},{"start":{},"end":{}}],"line":82},"2":{"loc":{"start":{"line":84,"column":18},"end":{"line":84,"column":43}},"type":"binary-expr","locations":[{"start":{"line":84,"column":18},"end":{"line":84,"column":38}},{"start":{"line":84,"column":42},"end":{"line":84,"column":43}}],"line":84},"3":{"loc":{"start":{"line":85,"column":18},"end":{"line":85,"column":51}},"type":"binary-expr","locations":[{"start":{"line":85,"column":18},"end":{"line":85,"column":46}},{"start":{"line":85,"column":50},"end":{"line":85,"column":51}}],"line":85}},"s":{"0":1,"1":1,"2":6,"3":6,"4":6,"5":6,"6":1,"7":5,"8":1,"9":1,"10":5,"11":5,"12":2,"13":3,"14":3,"15":3,"16":3},"f":{"0":6},"b":{"0":[1,5],"1":[2,3],"2":[3,0],"3":[3,1]},"inputSourceMap":null,"_coverageSchema":"1a1c01bbd47fc00a2c39e90264f33305004495a9","hash":"dc67872082048fb599aa9d189c295a51bacea630"}
,"/Users/namanrai/projects/PROMPTWARS 2 elections/ElectionIQ/js/timeline.js": {"path":"/Users/namanrai/projects/PROMPTWARS 2 elections/ElectionIQ/js/timeline.js","statementMap":{"0":{"start":{"line":14,"column":2},"end":{"line":14,"column":27}},"1":{"start":{"line":14,"column":19},"end":{"line":14,"column":26}},"2":{"start":{"line":16,"column":2},"end":{"line":16,"column":27}},"3":{"start":{"line":19,"column":18},"end":{"line":19,"column":47}},"4":{"start":{"line":20,"column":2},"end":{"line":20,"column":42}},"5":{"start":{"line":21,"column":2},"end":{"line":21,"column":38}},"6":{"start":{"line":22,"column":2},"end":{"line":22,"column":66}},"7":{"start":{"line":23,"column":2},"end":{"line":23,"column":33}},"8":{"start":{"line":24,"column":2},"end":{"line":24,"column":33}},"9":{"start":{"line":25,"column":2},"end":{"line":25,"column":41}},"10":{"start":{"line":26,"column":2},"end":{"line":26,"column":29}},"11":{"start":{"line":28,"column":16},"end":{"line":33,"column":3}},"12":{"start":{"line":35,"column":2},"end":{"line":53,"column":5}},"13":{"start":{"line":36,"column":17},"end":{"line":36,"column":46}},"14":{"start":{"line":37,"column":4},"end":{"line":37,"column":48}},"15":{"start":{"line":38,"column":4},"end":{"line":38,"column":22}},"16":{"start":{"line":39,"column":4},"end":{"line":39,"column":32}},"17":{"start":{"line":40,"column":4},"end":{"line":40,"column":65}},"18":{"start":{"line":41,"column":4},"end":{"line":41,"column":56}},"19":{"start":{"line":42,"column":4},"end":{"line":42,"column":34}},"20":{"start":{"line":44,"column":15},"end":{"line":44,"column":34}},"21":{"start":{"line":45,"column":20},"end":{"line":45,"column":66}},"22":{"start":{"line":47,"column":4},"end":{"line":50,"column":6}},"23":{"start":{"line":52,"column":4},"end":{"line":52,"column":30}},"24":{"start":{"line":55,"column":2},"end":{"line":55,"column":33}},"25":{"start":{"line":64,"column":13},"end":{"line":64,"column":68}},"26":{"start":{"line":65,"column":2},"end":{"line":65,"column":20}},"27":{"start":{"line":65,"column":12},"end":{"line":65,"column":19}},"28":{"start":{"line":67,"column":2},"end":{"line":77,"column":3}},"29":{"start":{"line":68,"column":4},"end":{"line":68,"column":29}},"30":{"start":{"line":69,"column":4},"end":{"line":69,"column":66}},"31":{"start":{"line":70,"column":9},"end":{"line":77,"column":3}},"32":{"start":{"line":71,"column":4},"end":{"line":71,"column":27}},"33":{"start":{"line":72,"column":4},"end":{"line":72,"column":61}},"34":{"start":{"line":73,"column":4},"end":{"line":73,"column":62}},"35":{"start":{"line":75,"column":4},"end":{"line":75,"column":27}},"36":{"start":{"line":76,"column":4},"end":{"line":76,"column":50}},"37":{"start":{"line":86,"column":13},"end":{"line":86,"column":59}},"38":{"start":{"line":87,"column":2},"end":{"line":87,"column":20}},"39":{"start":{"line":87,"column":12},"end":{"line":87,"column":19}},"40":{"start":{"line":88,"column":2},"end":{"line":88,"column":51}},"41":{"start":{"line":88,"column":37},"end":{"line":88,"column":49}},"42":{"start":{"line":89,"column":2},"end":{"line":94,"column":5}},"43":{"start":{"line":90,"column":4},"end":{"line":93,"column":5}},"44":{"start":{"line":91,"column":6},"end":{"line":91,"column":25}},"45":{"start":{"line":92,"column":6},"end":{"line":92,"column":19}}},"fnMap":{"0":{"name":"initTimeline","decl":{"start":{"line":13,"column":16},"end":{"line":13,"column":28}},"loc":{"start":{"line":13,"column":52},"end":{"line":56,"column":1}},"line":13},"1":{"name":"(anonymous_1)","decl":{"start":{"line":35,"column":16},"end":{"line":35,"column":17}},"loc":{"start":{"line":35,"column":24},"end":{"line":53,"column":3}},"line":35},"2":{"name":"updateMilestoneStatus","decl":{"start":{"line":63,"column":16},"end":{"line":63,"column":37}},"loc":{"start":{"line":63,"column":59},"end":{"line":78,"column":1}},"line":63},"3":{"name":"onMilestoneClick","decl":{"start":{"line":85,"column":16},"end":{"line":85,"column":32}},"loc":{"start":{"line":85,"column":47},"end":{"line":95,"column":1}},"line":85},"4":{"name":"(anonymous_4)","decl":{"start":{"line":88,"column":31},"end":{"line":88,"column":32}},"loc":{"start":{"line":88,"column":37},"end":{"line":88,"column":49}},"line":88},"5":{"name":"(anonymous_5)","decl":{"start":{"line":89,"column":33},"end":{"line":89,"column":34}},"loc":{"start":{"line":89,"column":40},"end":{"line":94,"column":3}},"line":89}},"branchMap":{"0":{"loc":{"start":{"line":14,"column":2},"end":{"line":14,"column":27}},"type":"if","locations":[{"start":{"line":14,"column":2},"end":{"line":14,"column":27}},{"start":{},"end":{}}],"line":14},"1":{"loc":{"start":{"line":45,"column":20},"end":{"line":45,"column":66}},"type":"cond-expr","locations":[{"start":{"line":45,"column":25},"end":{"line":45,"column":58}},{"start":{"line":45,"column":61},"end":{"line":45,"column":66}}],"line":45},"2":{"loc":{"start":{"line":65,"column":2},"end":{"line":65,"column":20}},"type":"if","locations":[{"start":{"line":65,"column":2},"end":{"line":65,"column":20}},{"start":{},"end":{}}],"line":65},"3":{"loc":{"start":{"line":67,"column":2},"end":{"line":77,"column":3}},"type":"if","locations":[{"start":{"line":67,"column":2},"end":{"line":77,"column":3}},{"start":{"line":70,"column":9},"end":{"line":77,"column":3}}],"line":67},"4":{"loc":{"start":{"line":70,"column":9},"end":{"line":77,"column":3}},"type":"if","locations":[{"start":{"line":70,"column":9},"end":{"line":77,"column":3}},{"start":{"line":74,"column":9},"end":{"line":77,"column":3}}],"line":70},"5":{"loc":{"start":{"line":87,"column":2},"end":{"line":87,"column":20}},"type":"if","locations":[{"start":{"line":87,"column":2},"end":{"line":87,"column":20}},{"start":{},"end":{}}],"line":87},"6":{"loc":{"start":{"line":90,"column":4},"end":{"line":93,"column":5}},"type":"if","locations":[{"start":{"line":90,"column":4},"end":{"line":93,"column":5}},{"start":{},"end":{}}],"line":90},"7":{"loc":{"start":{"line":90,"column":8},"end":{"line":90,"column":42}},"type":"binary-expr","locations":[{"start":{"line":90,"column":8},"end":{"line":90,"column":25}},{"start":{"line":90,"column":29},"end":{"line":90,"column":42}}],"line":90}},"s":{"0":2,"1":0,"2":2,"3":2,"4":2,"5":2,"6":2,"7":2,"8":2,"9":2,"10":2,"11":2,"12":2,"13":8,"14":8,"15":8,"16":8,"17":8,"18":8,"19":8,"20":8,"21":8,"22":8,"23":8,"24":2,"25":1,"26":1,"27":0,"28":1,"29":0,"30":0,"31":1,"32":1,"33":1,"34":1,"35":0,"36":0,"37":0,"38":0,"39":0,"40":0,"41":0,"42":0,"43":0,"44":0,"45":0},"f":{"0":2,"1":8,"2":1,"3":0,"4":0,"5":0},"b":{"0":[0,2],"1":[2,6],"2":[0,1],"3":[0,1],"4":[1,0],"5":[0,0],"6":[0,0],"7":[0,0]},"inputSourceMap":null,"_coverageSchema":"1a1c01bbd47fc00a2c39e90264f33305004495a9","hash":"feab6226911df859d68500b354faabf9837c1be2"}
,"/Users/namanrai/projects/PROMPTWARS 2 elections/ElectionIQ/js/ui.js": {"path":"/Users/namanrai/projects/PROMPTWARS 2 elections/ElectionIQ/js/ui.js","statementMap":{"0":{"start":{"line":21,"column":18},"end":{"line":21,"column":23}},"1":{"start":{"line":39,"column":14},"end":{"line":39,"column":49}},"2":{"start":{"line":40,"column":2},"end":{"line":40,"column":51}},"3":{"start":{"line":40,"column":13},"end":{"line":40,"column":50}},"4":{"start":{"line":42,"column":14},"end":{"line":42,"column":43}},"5":{"start":{"line":43,"column":2},"end":{"line":43,"column":103}},"6":{"start":{"line":44,"column":2},"end":{"line":44,"column":25}},"7":{"start":{"line":46,"column":2},"end":{"line":51,"column":3}},"8":{"start":{"line":47,"column":4},"end":{"line":47,"column":63}},"9":{"start":{"line":48,"column":4},"end":{"line":48,"column":72}},"10":{"start":{"line":49,"column":4},"end":{"line":49,"column":63}},"11":{"start":{"line":50,"column":4},"end":{"line":50,"column":44}},"12":{"start":{"line":53,"column":2},"end":{"line":53,"column":23}},"13":{"start":{"line":54,"column":2},"end":{"line":54,"column":35}},"14":{"start":{"line":55,"column":2},"end":{"line":55,"column":13}},"15":{"start":{"line":67,"column":2},"end":{"line":67,"column":20}},"16":{"start":{"line":67,"column":12},"end":{"line":67,"column":19}},"17":{"start":{"line":68,"column":2},"end":{"line":68,"column":24}},"18":{"start":{"line":69,"column":2},"end":{"line":69,"column":60}},"19":{"start":{"line":81,"column":17},"end":{"line":81,"column":56}},"20":{"start":{"line":82,"column":17},"end":{"line":82,"column":54}},"21":{"start":{"line":83,"column":2},"end":{"line":83,"column":35}},"22":{"start":{"line":83,"column":27},"end":{"line":83,"column":34}},"23":{"start":{"line":84,"column":2},"end":{"line":84,"column":31}},"24":{"start":{"line":85,"column":2},"end":{"line":85,"column":24}},"25":{"start":{"line":86,"column":2},"end":{"line":86,"column":58}},"26":{"start":{"line":86,"column":21},"end":{"line":86,"column":42}},"27":{"start":{"line":95,"column":17},"end":{"line":95,"column":56}},"28":{"start":{"line":96,"column":2},"end":{"line":96,"column":37}},"29":{"start":{"line":96,"column":15},"end":{"line":96,"column":36}},"30":{"start":{"line":107,"column":13},"end":{"line":107,"column":51}},"31":{"start":{"line":108,"column":2},"end":{"line":108,"column":40}},"32":{"start":{"line":108,"column":11},"end":{"line":108,"column":39}},"33":{"start":{"line":118,"column":16},"end":{"line":118,"column":53}},"34":{"start":{"line":119,"column":2},"end":{"line":119,"column":26}},"35":{"start":{"line":119,"column":15},"end":{"line":119,"column":25}},"36":{"start":{"line":120,"column":14},"end":{"line":120,"column":32}},"37":{"start":{"line":121,"column":2},"end":{"line":121,"column":19}},"38":{"start":{"line":122,"column":2},"end":{"line":122,"column":13}}},"fnMap":{"0":{"name":"appendMessage","decl":{"start":{"line":38,"column":16},"end":{"line":38,"column":29}},"loc":{"start":{"line":38,"column":63},"end":{"line":56,"column":1}},"line":38},"1":{"name":"updateBotMessage","decl":{"start":{"line":66,"column":16},"end":{"line":66,"column":32}},"loc":{"start":{"line":66,"column":43},"end":{"line":70,"column":1}},"line":66},"2":{"name":"showAlertBanner","decl":{"start":{"line":80,"column":16},"end":{"line":80,"column":31}},"loc":{"start":{"line":80,"column":62},"end":{"line":87,"column":1}},"line":80},"3":{"name":"(anonymous_3)","decl":{"start":{"line":86,"column":13},"end":{"line":86,"column":14}},"loc":{"start":{"line":86,"column":19},"end":{"line":86,"column":44}},"line":86},"4":{"name":"hideAlertBanner","decl":{"start":{"line":94,"column":16},"end":{"line":94,"column":31}},"loc":{"start":{"line":94,"column":34},"end":{"line":97,"column":1}},"line":94},"5":{"name":"updateElectionStatus","decl":{"start":{"line":106,"column":16},"end":{"line":106,"column":36}},"loc":{"start":{"line":106,"column":49},"end":{"line":109,"column":1}},"line":106},"6":{"name":"consumeInput","decl":{"start":{"line":117,"column":16},"end":{"line":117,"column":28}},"loc":{"start":{"line":117,"column":31},"end":{"line":123,"column":1}},"line":117}},"branchMap":{"0":{"loc":{"start":{"line":38,"column":42},"end":{"line":38,"column":61}},"type":"default-arg","locations":[{"start":{"line":38,"column":56},"end":{"line":38,"column":61}}],"line":38},"1":{"loc":{"start":{"line":40,"column":2},"end":{"line":40,"column":51}},"type":"if","locations":[{"start":{"line":40,"column":2},"end":{"line":40,"column":51}},{"start":{},"end":{}}],"line":40},"2":{"loc":{"start":{"line":43,"column":55},"end":{"line":43,"column":100}},"type":"cond-expr","locations":[{"start":{"line":43,"column":69},"end":{"line":43,"column":95}},{"start":{"line":43,"column":98},"end":{"line":43,"column":100}}],"line":43},"3":{"loc":{"start":{"line":46,"column":2},"end":{"line":51,"column":3}},"type":"if","locations":[{"start":{"line":46,"column":2},"end":{"line":51,"column":3}},{"start":{},"end":{}}],"line":46},"4":{"loc":{"start":{"line":47,"column":29},"end":{"line":47,"column":61}},"type":"cond-expr","locations":[{"start":{"line":47,"column":43},"end":{"line":47,"column":50}},{"start":{"line":47,"column":53},"end":{"line":47,"column":61}}],"line":47},"5":{"loc":{"start":{"line":48,"column":34},"end":{"line":48,"column":70}},"type":"cond-expr","locations":[{"start":{"line":48,"column":48},"end":{"line":48,"column":59}},{"start":{"line":48,"column":62},"end":{"line":48,"column":70}}],"line":48},"6":{"loc":{"start":{"line":67,"column":2},"end":{"line":67,"column":20}},"type":"if","locations":[{"start":{"line":67,"column":2},"end":{"line":67,"column":20}},{"start":{},"end":{}}],"line":67},"7":{"loc":{"start":{"line":80,"column":41},"end":{"line":80,"column":60}},"type":"default-arg","locations":[{"start":{"line":80,"column":54},"end":{"line":80,"column":60}}],"line":80},"8":{"loc":{"start":{"line":83,"column":2},"end":{"line":83,"column":35}},"type":"if","locations":[{"start":{"line":83,"column":2},"end":{"line":83,"column":35}},{"start":{},"end":{}}],"line":83},"9":{"loc":{"start":{"line":83,"column":6},"end":{"line":83,"column":24}},"type":"binary-expr","locations":[{"start":{"line":83,"column":6},"end":{"line":83,"column":13}},{"start":{"line":83,"column":17},"end":{"line":83,"column":24}}],"line":83},"10":{"loc":{"start":{"line":96,"column":2},"end":{"line":96,"column":37}},"type":"if","locations":[{"start":{"line":96,"column":2},"end":{"line":96,"column":37}},{"start":{},"end":{}}],"line":96},"11":{"loc":{"start":{"line":108,"column":2},"end":{"line":108,"column":40}},"type":"if","locations":[{"start":{"line":108,"column":2},"end":{"line":108,"column":40}},{"start":{},"end":{}}],"line":108},"12":{"loc":{"start":{"line":119,"column":2},"end":{"line":119,"column":26}},"type":"if","locations":[{"start":{"line":119,"column":2},"end":{"line":119,"column":26}},{"start":{},"end":{}}],"line":119}},"s":{"0":1,"1":7,"2":7,"3":1,"4":6,"5":6,"6":6,"7":6,"8":4,"9":4,"10":4,"11":4,"12":6,"13":6,"14":6,"15":2,"16":1,"17":1,"18":1,"19":3,"20":3,"21":3,"22":0,"23":3,"24":3,"25":3,"26":1,"27":2,"28":2,"29":1,"30":2,"31":2,"32":1,"33":3,"34":3,"35":1,"36":2,"37":2,"38":2},"f":{"0":7,"1":2,"2":3,"3":1,"4":2,"5":2,"6":3},"b":{"0":[6],"1":[1,6],"2":[1,5],"3":[4,2],"4":[1,3],"5":[1,3],"6":[1,1],"7":[2],"8":[0,3],"9":[3,3],"10":[1,1],"11":[1,1],"12":[1,2]},"inputSourceMap":null,"_coverageSchema":"1a1c01bbd47fc00a2c39e90264f33305004495a9","hash":"2659a8f0def944267a517e529a8aa8d4497642de"}
,"/Users/namanrai/projects/PROMPTWARS 2 elections/ElectionIQ/js/utils.js": {"path":"/Users/namanrai/projects/PROMPTWARS 2 elections/ElectionIQ/js/utils.js","statementMap":{"0":{"start":{"line":28,"column":21},"end":{"line":28,"column":42}},"1":{"start":{"line":29,"column":16},"end":{"line":29,"column":63}},"2":{"start":{"line":29,"column":33},"end":{"line":29,"column":51}},"3":{"start":{"line":30,"column":2},"end":{"line":34,"column":3}},"4":{"start":{"line":31,"column":4},"end":{"line":31,"column":71}},"5":{"start":{"line":33,"column":4},"end":{"line":33,"column":24}},"6":{"start":{"line":51,"column":2},"end":{"line":51,"column":43}},"7":{"start":{"line":51,"column":32},"end":{"line":51,"column":42}},"8":{"start":{"line":52,"column":2},"end":{"line":52,"column":66}},"9":{"start":{"line":66,"column":15},"end":{"line":66,"column":54}},"10":{"start":{"line":67,"column":2},"end":{"line":67,"column":62}},"11":{"start":{"line":83,"column":2},"end":{"line":83,"column":45}}},"fnMap":{"0":{"name":"fetchWithTimeout","decl":{"start":{"line":27,"column":22},"end":{"line":27,"column":38}},"loc":{"start":{"line":27,"column":77},"end":{"line":35,"column":1}},"line":27},"1":{"name":"(anonymous_1)","decl":{"start":{"line":29,"column":27},"end":{"line":29,"column":28}},"loc":{"start":{"line":29,"column":33},"end":{"line":29,"column":51}},"line":29},"2":{"name":"sanitise","decl":{"start":{"line":50,"column":16},"end":{"line":50,"column":24}},"loc":{"start":{"line":50,"column":44},"end":{"line":53,"column":1}},"line":50},"3":{"name":"uniqueId","decl":{"start":{"line":65,"column":16},"end":{"line":65,"column":24}},"loc":{"start":{"line":65,"column":38},"end":{"line":68,"column":1}},"line":65},"4":{"name":"clamp","decl":{"start":{"line":82,"column":16},"end":{"line":82,"column":21}},"loc":{"start":{"line":82,"column":39},"end":{"line":84,"column":1}},"line":82}},"branchMap":{"0":{"loc":{"start":{"line":27,"column":44},"end":{"line":27,"column":56}},"type":"default-arg","locations":[{"start":{"line":27,"column":54},"end":{"line":27,"column":56}}],"line":27},"1":{"loc":{"start":{"line":27,"column":58},"end":{"line":27,"column":75}},"type":"default-arg","locations":[{"start":{"line":27,"column":70},"end":{"line":27,"column":75}}],"line":27},"2":{"loc":{"start":{"line":50,"column":30},"end":{"line":50,"column":42}},"type":"default-arg","locations":[{"start":{"line":50,"column":39},"end":{"line":50,"column":42}}],"line":50},"3":{"loc":{"start":{"line":51,"column":2},"end":{"line":51,"column":43}},"type":"if","locations":[{"start":{"line":51,"column":2},"end":{"line":51,"column":43}},{"start":{},"end":{}}],"line":51},"4":{"loc":{"start":{"line":65,"column":25},"end":{"line":65,"column":36}},"type":"default-arg","locations":[{"start":{"line":65,"column":34},"end":{"line":65,"column":36}}],"line":65},"5":{"loc":{"start":{"line":67,"column":21},"end":{"line":67,"column":38}},"type":"cond-expr","locations":[{"start":{"line":67,"column":30},"end":{"line":67,"column":33}},{"start":{"line":67,"column":36},"end":{"line":67,"column":38}}],"line":67}},"s":{"0":6,"1":6,"2":0,"3":6,"4":6,"5":6,"6":14,"7":3,"8":11,"9":104,"10":104,"11":8},"f":{"0":6,"1":0,"2":14,"3":104,"4":8},"b":{"0":[0],"1":[0],"2":[13],"3":[3,11],"4":[3],"5":[101,3]},"inputSourceMap":null,"_coverageSchema":"1a1c01bbd47fc00a2c39e90264f33305004495a9","hash":"f927a5d4b8023b501b65d1b2badc0f14fbf6f96a"}
}
