TN:
SF:js/ai.js
FN:57,routeAIQuery
FN:99,resetCFHealth
FNF:2
FNH:2
FNDA:8,routeAIQuery
FNDA:8,resetCFHealth
DA:37,1
DA:40,1
DA:43,1
DA:58,8
DA:59,7
DA:60,7
DA:61,7
DA:72,3
DA:73,0
DA:74,0
DA:75,0
DA:77,3
DA:79,7
DA:81,7
DA:82,1
DA:84,6
DA:85,6
DA:91,8
DA:100,8
LF:19
LH:16
BRDA:57,0,0,0
BRDA:58,1,0,7
BRDA:58,1,1,1
BRDA:68,2,0,7
BRDA:68,2,1,0
BRDA:72,3,0,0
BRDA:72,3,1,3
BRDA:81,4,0,1
BRDA:81,4,1,6
BRF:9
BRH:6
end_of_record
TN:
SF:js/intent.js
FN:57,classifyIntent
FN:76,classifyIntentAll
FN:79,(anonymous_2)
FN:80,(anonymous_3)
FNF:4
FNH:4
FNDA:35,classifyIntent
FNDA:4,classifyIntentAll
FNDA:21,(anonymous_2)
FNDA:3,(anonymous_3)
DA:33,1
DA:58,35
DA:59,31
DA:60,130
DA:62,2
DA:77,4
DA:78,3
DA:79,21
DA:80,3
LF:9
LH:9
BRDA:58,0,0,4
BRDA:58,0,1,31
BRDA:58,1,0,35
BRDA:58,1,1,32
BRDA:60,2,0,29
BRDA:60,2,1,101
BRDA:77,3,0,1
BRDA:77,3,1,3
BRF:8
BRH:8
end_of_record
TN:
SF:js/logger.js
FN:57,_formatMessage
FN:76,(anonymous_1)
FN:88,(anonymous_2)
FN:101,(anonymous_3)
FN:113,(anonymous_4)
FN:124,(anonymous_5)
FNF:6
FNH:6
FNDA:10,_formatMessage
FNDA:4,(anonymous_1)
FNDA:5,(anonymous_2)
FNDA:4,(anonymous_3)
FNDA:3,(anonymous_4)
FNDA:22,(anonymous_5)
DA:24,3
DA:33,3
DA:36,3
DA:37,3
DA:38,0
DA:39,0
DA:58,10
DA:69,3
DA:77,4
DA:78,2
DA:89,5
DA:90,3
DA:102,4
DA:103,3
DA:114,3
DA:115,2
DA:125,22
LF:17
LH:15
BRDA:37,0,0,0
BRDA:37,0,1,3
BRDA:37,1,0,3
BRDA:37,1,1,1
BRDA:39,2,0,0
BRDA:39,2,1,0
BRDA:77,3,0,2
BRDA:77,3,1,2
BRDA:89,4,0,3
BRDA:89,4,1,2
BRDA:102,5,0,3
BRDA:102,5,1,1
BRDA:114,6,0,2
BRDA:114,6,1,1
BRDA:125,7,0,21
BRDA:125,7,1,1
BRF:16
BRH:13
end_of_record
TN:
SF:js/nlp.js
FN:67,analyseQuery
FN:88,(anonymous_1)
FN:89,(anonymous_2)
FN:96,(anonymous_3)
FN:96,(anonymous_4)
FN:97,(anonymous_5)
FN:97,(anonymous_6)
FN:117,formatAnnotationForContext
FN:122,(anonymous_8)
FN:143,_emptyAnnotation
FNF:10
FNH:2
FNDA:0,analyseQuery
FNDA:0,(anonymous_1)
FNDA:0,(anonymous_2)
FNDA:0,(anonymous_3)
FNDA:0,(anonymous_4)
FNDA:0,(anonymous_5)
FNDA:0,(anonymous_6)
FNDA:12,formatAnnotationForContext
FNDA:13,(anonymous_8)
FNDA:0,_emptyAnnotation
DA:26,1
DA:30,1
DA:33,1
DA:68,0
DA:70,0
DA:71,0
DA:84,0
DA:85,0
DA:87,0
DA:88,0
DA:89,0
DA:91,0
DA:93,0
DA:96,0
DA:97,0
DA:101,0
DA:102,0
DA:118,12
DA:120,9
DA:122,13
DA:126,9
DA:130,9
DA:131,9
DA:132,9
DA:133,9
DA:135,9
DA:144,0
LF:27
LH:12
BRDA:68,0,0,0
BRDA:68,0,1,0
BRDA:68,1,0,0
BRDA:68,1,1,0
BRDA:84,2,0,0
BRDA:84,2,1,0
BRDA:85,3,0,0
BRDA:85,3,1,0
BRDA:87,4,0,0
BRDA:87,4,1,0
BRDA:88,5,0,0
BRDA:88,5,1,0
BRDA:88,6,0,0
BRDA:88,6,1,0
BRDA:89,7,0,0
BRDA:89,7,1,0
BRDA:91,8,0,0
BRDA:91,8,1,0
BRDA:118,9,0,3
BRDA:118,9,1,9
BRDA:126,10,0,1
BRDA:126,10,1,8
BRDA:127,11,0,1
BRDA:127,11,1,7
BRDA:131,12,0,3
BRDA:131,12,1,6
BRDA:132,13,0,1
BRDA:132,13,1,8
BRF:28
BRH:10
end_of_record
TN:
SF:js/proactive.js
FN:35,startProactiveLoop
FN:37,(anonymous_1)
FN:47,stopProactiveLoop
FN:62,evaluateTrigger
FN:66,(anonymous_4)
FN:111,_evaluate
FNF:6
FNH:2
FNDA:0,startProactiveLoop
FNDA:0,(anonymous_1)
FNDA:0,stopProactiveLoop
FNDA:16,evaluateTrigger
FNDA:13,(anonymous_4)
FNDA:0,_evaluate
DA:20,1
DA:23,1
DA:26,1
DA:36,0
DA:37,0
DA:38,0
DA:48,0
DA:49,0
DA:50,0
DA:63,16
DA:64,16
DA:66,16
DA:67,13
DA:69,16
DA:70,7
DA:71,7
DA:72,5
DA:79,11
DA:80,2
DA:81,2
DA:82,1
DA:87,10
DA:88,4
DA:89,4
DA:90,1
DA:94,3
DA:95,1
DA:100,8
DA:112,0
DA:113,0
DA:114,0
DA:115,0
DA:116,0
DA:117,0
DA:118,0
DA:119,0
DA:120,0
DA:122,0
DA:124,0
DA:125,0
LF:40
LH:22
BRDA:36,0,0,0
BRDA:36,0,1,0
BRDA:48,1,0,0
BRDA:48,1,1,0
BRDA:63,2,0,16
BRDA:63,2,1,2
BRDA:69,3,0,7
BRDA:69,3,1,9
BRDA:71,4,0,5
BRDA:71,4,1,2
BRDA:71,5,0,7
BRDA:71,5,1,7
BRDA:79,6,0,2
BRDA:79,6,1,9
BRDA:81,7,0,1
BRDA:81,7,1,1
BRDA:87,8,0,4
BRDA:87,8,1,6
BRDA:89,9,0,1
BRDA:89,9,1,3
BRDA:94,10,0,1
BRDA:94,10,1,2
BRDA:115,11,0,0
BRDA:115,11,1,0
BRDA:115,12,0,0
BRDA:115,12,1,0
BRF:26
BRH:18
end_of_record
TN:
SF:js/routes.js
FN:52,computeRoute
FNF:1
FNH:1
FNDA:6,computeRoute
DA:21,1
DA:24,1
DA:53,6
DA:62,6
DA:63,6
DA:74,6
DA:75,5
DA:77,1
DA:78,1
DA:81,5
DA:82,5
DA:84,3
DA:85,3
DA:86,3
DA:88,3
LF:15
LH:15
BRDA:74,0,0,1
BRDA:74,0,1,5
BRDA:82,1,0,2
BRDA:82,1,1,3
BRDA:84,2,0,3
BRDA:84,2,1,0
BRDA:85,3,0,3
BRDA:85,3,1,1
BRF:8
BRH:7
end_of_record
TN:
SF:js/timeline.js
FN:13,initTimeline
FN:35,(anonymous_1)
FN:63,updateMilestoneStatus
FN:85,onMilestoneClick
FN:88,(anonymous_4)
FN:89,(anonymous_5)
FNF:6
FNH:3
FNDA:2,initTimeline
FNDA:8,(anonymous_1)
FNDA:1,updateMilestoneStatus
FNDA:0,onMilestoneClick
FNDA:0,(anonymous_4)
FNDA:0,(anonymous_5)
DA:14,2
DA:16,2
DA:19,2
DA:20,2
DA:21,2
DA:22,2
DA:23,2
DA:24,2
DA:25,2
DA:26,2
DA:28,2
DA:35,2
DA:36,8
DA:37,8
DA:38,8
DA:39,8
DA:40,8
DA:41,8
DA:42,8
DA:44,8
DA:45,8
DA:47,8
DA:52,8
DA:55,2
DA:64,1
DA:65,1
DA:67,1
DA:68,0
DA:69,0
DA:70,1
DA:71,1
DA:72,1
DA:73,1
DA:75,0
DA:76,0
DA:86,0
DA:87,0
DA:88,0
DA:89,0
DA:90,0
DA:91,0
DA:92,0
LF:42
LH:31
BRDA:14,0,0,0
BRDA:14,0,1,2
BRDA:45,1,0,2
BRDA:45,1,1,6
BRDA:65,2,0,0
BRDA:65,2,1,1
BRDA:67,3,0,0
BRDA:67,3,1,1
BRDA:70,4,0,1
BRDA:70,4,1,0
BRDA:87,5,0,0
BRDA:87,5,1,0
BRDA:90,6,0,0
BRDA:90,6,1,0
BRDA:90,7,0,0
BRDA:90,7,1,0
BRF:16
BRH:6
end_of_record
TN:
SF:js/ui.js
FN:38,appendMessage
FN:66,updateBotMessage
FN:80,showAlertBanner
FN:86,(anonymous_3)
FN:94,hideAlertBanner
FN:106,updateElectionStatus
FN:117,consumeInput
FNF:7
FNH:7
FNDA:7,appendMessage
FNDA:2,updateBotMessage
FNDA:3,showAlertBanner
FNDA:1,(anonymous_3)
FNDA:2,hideAlertBanner
FNDA:2,updateElectionStatus
FNDA:3,consumeInput
DA:21,1
DA:39,7
DA:40,7
DA:42,6
DA:43,6
DA:44,6
DA:46,6
DA:47,4
DA:48,4
DA:49,4
DA:50,4
DA:53,6
DA:54,6
DA:55,6
DA:67,2
DA:68,1
DA:69,1
DA:81,3
DA:82,3
DA:83,3
DA:84,3
DA:85,3
DA:86,3
DA:95,2
DA:96,2
DA:107,2
DA:108,2
DA:118,3
DA:119,3
DA:120,2
DA:121,2
DA:122,2
LF:32
LH:32
BRDA:38,0,0,6
BRDA:40,1,0,1
BRDA:40,1,1,6
BRDA:43,2,0,1
BRDA:43,2,1,5
BRDA:46,3,0,4
BRDA:46,3,1,2
BRDA:47,4,0,1
BRDA:47,4,1,3
BRDA:48,5,0,1
BRDA:48,5,1,3
BRDA:67,6,0,1
BRDA:67,6,1,1
BRDA:80,7,0,2
BRDA:83,8,0,0
BRDA:83,8,1,3
BRDA:83,9,0,3
BRDA:83,9,1,3
BRDA:96,10,0,1
BRDA:96,10,1,1
BRDA:108,11,0,1
BRDA:108,11,1,1
BRDA:119,12,0,1
BRDA:119,12,1,2
BRF:24
BRH:23
end_of_record
TN:
SF:js/utils.js
FN:27,fetchWithTimeout
FN:29,(anonymous_1)
FN:50,sanitise
FN:65,uniqueId
FN:82,clamp
FNF:5
FNH:4
FNDA:6,fetchWithTimeout
FNDA:0,(anonymous_1)
FNDA:14,sanitise
FNDA:104,uniqueId
FNDA:8,clamp
DA:28,6
DA:29,6
DA:30,6
DA:31,6
DA:33,6
DA:51,14
DA:52,11
DA:66,104
DA:67,104
DA:83,8
LF:10
LH:10
BRDA:27,0,0,0
BRDA:27,1,0,0
BRDA:50,2,0,13
BRDA:51,3,0,3
BRDA:51,3,1,11
BRDA:65,4,0,3
BRDA:67,5,0,101
BRDA:67,5,1,3
BRF:8
BRH:6
end_of_record
